{"/home/travis/build/npmtest/node-npmtest-sails-inverse-model/test.js":{"path":"/home/travis/build/npmtest/node-npmtest-sails-inverse-model/test.js","s":{"1":2,"2":2,"3":2,"4":2,"5":2,"6":2,"7":2,"8":1,"9":2,"10":2,"11":1,"12":1,"13":1,"14":1,"15":2,"16":2,"17":2,"18":2,"19":1,"20":1,"21":2,"22":2,"23":2,"24":1,"25":1,"26":1,"27":1,"28":1,"29":1,"30":1,"31":1,"32":1,"33":1,"34":1,"35":1,"36":1,"37":1,"38":1,"39":2,"40":2,"41":1,"42":2,"43":2,"44":1,"45":2,"46":2,"47":1,"48":2,"49":2,"50":1,"51":1,"52":1,"53":1,"54":1},"b":{"1":[2,1,1,1],"2":[1,1,1,1],"3":[1,1],"4":[1,1],"5":[1,1],"6":[1,1],"7":[1,1],"8":[1,1],"9":[1,1],"10":[1,1,1],"11":[1,1],"12":[1,1],"13":[1,1],"14":[1,1],"15":[1,1],"16":[1,1],"17":[1,1]},"f":{"1":2,"2":2,"3":2,"4":2,"5":2,"6":1,"7":1,"8":1,"9":2,"10":2,"11":2,"12":2,"13":1},"fnMap":{"1":{"name":"(anonymous_1)","line":12,"loc":{"start":{"line":12,"column":1},"end":{"line":12,"column":13}}},"2":{"name":"(anonymous_2)","line":19,"loc":{"start":{"line":19,"column":5},"end":{"line":19,"column":17}}},"3":{"name":"(anonymous_3)","line":23,"loc":{"start":{"line":23,"column":24},"end":{"line":23,"column":36}}},"4":{"name":"(anonymous_4)","line":61,"loc":{"start":{"line":61,"column":5},"end":{"line":61,"column":17}}},"5":{"name":"(anonymous_5)","line":82,"loc":{"start":{"line":82,"column":5},"end":{"line":82,"column":17}}},"6":{"name":"(anonymous_6)","line":91,"loc":{"start":{"line":91,"column":77},"end":{"line":94,"column":10}}},"7":{"name":"(anonymous_7)","line":112,"loc":{"start":{"line":112,"column":83},"end":{"line":115,"column":10}},"skip":true},"8":{"name":"(anonymous_8)","line":123,"loc":{"start":{"line":123,"column":77},"end":{"line":126,"column":10}},"skip":true},"9":{"name":"(anonymous_9)","line":139,"loc":{"start":{"line":139,"column":12},"end":{"line":139,"column":40}},"skip":true},"10":{"name":"(anonymous_10)","line":147,"loc":{"start":{"line":147,"column":77},"end":{"line":150,"column":10}},"skip":true},"11":{"name":"(anonymous_11)","line":158,"loc":{"start":{"line":158,"column":83},"end":{"line":161,"column":10}},"skip":true},"12":{"name":"(anonymous_12)","line":169,"loc":{"start":{"line":169,"column":79},"end":{"line":172,"column":10}},"skip":true},"13":{"name":"(anonymous_13)","line":180,"loc":{"start":{"line":180,"column":75},"end":{"line":183,"column":10}},"skip":true}},"statementMap":{"1":{"start":{"line":12,"column":0},"end":{"line":195,"column":5}},"2":{"start":{"line":14,"column":4},"end":{"line":14,"column":14}},"3":{"start":{"line":19,"column":4},"end":{"line":56,"column":9}},"4":{"start":{"line":21,"column":8},"end":{"line":21,"column":19}},"5":{"start":{"line":23,"column":8},"end":{"line":35,"column":13}},"6":{"start":{"line":24,"column":12},"end":{"line":34,"column":13}},"7":{"start":{"line":25,"column":16},"end":{"line":28,"column":30}},"8":{"start":{"line":30,"column":16},"end":{"line":33,"column":27}},"9":{"start":{"line":37,"column":8},"end":{"line":39,"column":21}},"10":{"start":{"line":40,"column":8},"end":{"line":53,"column":9}},"11":{"start":{"line":43,"column":12},"end":{"line":46,"column":14}},"12":{"start":{"line":47,"column":12},"end":{"line":47,"column":18}},"13":{"start":{"line":50,"column":12},"end":{"line":51,"column":33}},"14":{"start":{"line":52,"column":12},"end":{"line":52,"column":18}},"15":{"start":{"line":55,"column":8},"end":{"line":55,"column":35}},"16":{"start":{"line":61,"column":4},"end":{"line":63,"column":9}},"17":{"start":{"line":62,"column":8},"end":{"line":62,"column":15}},"18":{"start":{"line":64,"column":4},"end":{"line":77,"column":5}},"19":{"start":{"line":70,"column":8},"end":{"line":70,"column":14}},"20":{"start":{"line":76,"column":8},"end":{"line":76,"column":14}},"21":{"start":{"line":82,"column":4},"end":{"line":84,"column":9}},"22":{"start":{"line":83,"column":8},"end":{"line":83,"column":15}},"23":{"start":{"line":85,"column":4},"end":{"line":194,"column":5}},"24":{"start":{"line":91,"column":8},"end":{"line":99,"column":10}},"25":{"start":{"line":98,"column":12},"end":{"line":98,"column":35}},"26":{"start":{"line":102,"column":8},"end":{"line":104,"column":63}},"27":{"start":{"line":105,"column":8},"end":{"line":105,"column":14}},"28":{"start":{"line":112,"column":8},"end":{"line":121,"column":10},"skip":true},"29":{"start":{"line":119,"column":12},"end":{"line":119,"column":55},"skip":true},"30":{"start":{"line":120,"column":12},"end":{"line":120,"column":48},"skip":true},"31":{"start":{"line":123,"column":8},"end":{"line":136,"column":10},"skip":true},"32":{"start":{"line":130,"column":12},"end":{"line":130,"column":76},"skip":true},"33":{"start":{"line":131,"column":12},"end":{"line":131,"column":73},"skip":true},"34":{"start":{"line":132,"column":12},"end":{"line":132,"column":74},"skip":true},"35":{"start":{"line":133,"column":12},"end":{"line":133,"column":79},"skip":true},"36":{"start":{"line":134,"column":12},"end":{"line":134,"column":25},"skip":true},"37":{"start":{"line":135,"column":12},"end":{"line":135,"column":45},"skip":true},"38":{"start":{"line":138,"column":8},"end":{"line":145,"column":14},"skip":true},"39":{"start":{"line":143,"column":16},"end":{"line":143,"column":29},"skip":true},"40":{"start":{"line":144,"column":16},"end":{"line":144,"column":55},"skip":true},"41":{"start":{"line":147,"column":8},"end":{"line":156,"column":10},"skip":true},"42":{"start":{"line":154,"column":12},"end":{"line":154,"column":25},"skip":true},"43":{"start":{"line":155,"column":12},"end":{"line":155,"column":45},"skip":true},"44":{"start":{"line":158,"column":8},"end":{"line":167,"column":10},"skip":true},"45":{"start":{"line":165,"column":12},"end":{"line":165,"column":25},"skip":true},"46":{"start":{"line":166,"column":12},"end":{"line":166,"column":48},"skip":true},"47":{"start":{"line":169,"column":8},"end":{"line":178,"column":10},"skip":true},"48":{"start":{"line":176,"column":12},"end":{"line":176,"column":25},"skip":true},"49":{"start":{"line":177,"column":12},"end":{"line":177,"column":46},"skip":true},"50":{"start":{"line":180,"column":8},"end":{"line":189,"column":10},"skip":true},"51":{"start":{"line":187,"column":12},"end":{"line":187,"column":94},"skip":true},"52":{"start":{"line":188,"column":12},"end":{"line":188,"column":48},"skip":true},"53":{"start":{"line":192,"column":8},"end":{"line":192,"column":35},"skip":true},"54":{"start":{"line":193,"column":8},"end":{"line":193,"column":14},"skip":true}},"branchMap":{"1":{"line":25,"type":"binary-expr","locations":[{"start":{"line":25,"column":23},"end":{"line":25,"column":62}},{"start":{"line":26,"column":20},"end":{"line":26,"column":70}},{"start":{"line":27,"column":20},"end":{"line":27,"column":71}},{"start":{"line":28,"column":20},"end":{"line":28,"column":29}}]},"2":{"line":30,"type":"binary-expr","locations":[{"start":{"line":30,"column":23},"end":{"line":30,"column":37}},{"start":{"line":31,"column":20},"end":{"line":31,"column":61}},{"start":{"line":32,"column":20},"end":{"line":32,"column":70}},{"start":{"line":33,"column":20},"end":{"line":33,"column":26}}]},"3":{"line":37,"type":"cond-expr","locations":[{"start":{"line":38,"column":14},"end":{"line":38,"column":20}},{"start":{"line":39,"column":14},"end":{"line":39,"column":20}}]},"4":{"line":40,"type":"switch","locations":[{"start":{"line":42,"column":8},"end":{"line":47,"column":18}},{"start":{"line":49,"column":8},"end":{"line":52,"column":18}}]},"5":{"line":44,"type":"binary-expr","locations":[{"start":{"line":44,"column":16},"end":{"line":44,"column":44}},{"start":{"line":44,"column":48},"end":{"line":44,"column":66}}]},"6":{"line":50,"type":"binary-expr","locations":[{"start":{"line":50,"column":21},"end":{"line":50,"column":49}},{"start":{"line":50,"column":53},"end":{"line":50,"column":72}}]},"7":{"line":64,"type":"switch","locations":[{"start":{"line":69,"column":4},"end":{"line":70,"column":14}},{"start":{"line":75,"column":4},"end":{"line":76,"column":14}}]},"8":{"line":85,"type":"switch","locations":[{"start":{"line":90,"column":4},"end":{"line":105,"column":14}},{"start":{"line":111,"column":4},"end":{"line":193,"column":14},"skip":true}]},"9":{"line":91,"type":"binary-expr","locations":[{"start":{"line":91,"column":42},"end":{"line":91,"column":73}},{"start":{"line":91,"column":77},"end":{"line":99,"column":9}}]},"10":{"line":102,"type":"binary-expr","locations":[{"start":{"line":102,"column":18},"end":{"line":102,"column":32}},{"start":{"line":103,"column":12},"end":{"line":103,"column":53}},{"start":{"line":104,"column":12},"end":{"line":104,"column":61}}]},"11":{"line":112,"type":"binary-expr","locations":[{"start":{"line":112,"column":45},"end":{"line":112,"column":79},"skip":true},{"start":{"line":112,"column":83},"end":{"line":121,"column":9},"skip":true}]},"12":{"line":123,"type":"binary-expr","locations":[{"start":{"line":123,"column":42},"end":{"line":123,"column":73},"skip":true},{"start":{"line":123,"column":77},"end":{"line":136,"column":9},"skip":true}]},"13":{"line":138,"type":"binary-expr","locations":[{"start":{"line":138,"column":48},"end":{"line":138,"column":85},"skip":true},{"start":{"line":139,"column":12},"end":{"line":145,"column":13},"skip":true}]},"14":{"line":147,"type":"binary-expr","locations":[{"start":{"line":147,"column":42},"end":{"line":147,"column":73},"skip":true},{"start":{"line":147,"column":77},"end":{"line":156,"column":9},"skip":true}]},"15":{"line":158,"type":"binary-expr","locations":[{"start":{"line":158,"column":45},"end":{"line":158,"column":79},"skip":true},{"start":{"line":158,"column":83},"end":{"line":167,"column":9},"skip":true}]},"16":{"line":169,"type":"binary-expr","locations":[{"start":{"line":169,"column":43},"end":{"line":169,"column":75},"skip":true},{"start":{"line":169,"column":79},"end":{"line":178,"column":9},"skip":true}]},"17":{"line":180,"type":"binary-expr","locations":[{"start":{"line":180,"column":41},"end":{"line":180,"column":71},"skip":true},{"start":{"line":180,"column":75},"end":{"line":189,"column":9},"skip":true}]}},"code":["/* istanbul instrument in package npmtest_sails_inverse_model */","/*jslint","    bitwise: true,","    browser: true,","    maxerr: 8,","    maxlen: 96,","    node: true,","    nomen: true,","    regexp: true,","    stupid: true","*/","(function () {","    'use strict';","    var local;","","","","    // run shared js-env code - pre-init","    (function () {","        // init local","        local = {};","        // init modeJs","        local.modeJs = (function () {","            try {","                return typeof navigator.userAgent === 'string' &&","                    typeof document.querySelector('body') === 'object' &&","                    typeof XMLHttpRequest.prototype.open === 'function' &&","                    'browser';","            } catch (errorCaughtBrowser) {","                return module.exports &&","                    typeof process.versions.node === 'string' &&","                    typeof require('http').createServer === 'function' &&","                    'node';","            }","        }());","        // init global","        local.global = local.modeJs === 'browser'","            ? window","            : global;","        switch (local.modeJs) {","        // re-init local from window.local","        case 'browser':","            local = local.global.utility2.objectSetDefault(","                local.global.utility2_rollup || local.global.local,","                local.global.utility2","            );","            break;","        // re-init local from example.js","        case 'node':","            local = (local.global.utility2_rollup || require('utility2'))","                .requireReadme();","            break;","        }","        // export local","        local.global.local = local;","    }());","","","","    // run shared js-env code - function","    (function () {","        return;","    }());","    switch (local.modeJs) {","","","","    // run browser js-env code - function","    case 'browser':","        break;","","","","    // run node js-env code - function","    case 'node':","        break;","    }","","","","    // run shared js-env code - post-init","    (function () {","        return;","    }());","    switch (local.modeJs) {","","","","    // run browser js-env code - post-init","    case 'browser':","        local.testCase_browser_nullCase = local.testCase_browser_nullCase || function (","            options,","            onError","        ) {","        /*","         * this function will test browsers's null-case handling-behavior-behavior","         */","            onError(null, options);","        };","","        // run tests","        local.nop(local.modeTest &&","            document.querySelector('#testRunButton1') &&","            document.querySelector('#testRunButton1').click());","        break;","","","","    // run node js-env code - post-init","    /* istanbul ignore next */","    case 'node':","        local.testCase_buildApidoc_default = local.testCase_buildApidoc_default || function (","            options,","            onError","        ) {","        /*","         * this function will test buildApidoc's default handling-behavior-behavior","         */","            options = { modulePathList: module.paths };","            local.buildApidoc(options, onError);","        };","","        local.testCase_buildApp_default = local.testCase_buildApp_default || function (","            options,","            onError","        ) {","        /*","         * this function will test buildApp's default handling-behavior-behavior","         */","            local.testCase_buildReadme_default(options, local.onErrorThrow);","            local.testCase_buildLib_default(options, local.onErrorThrow);","            local.testCase_buildTest_default(options, local.onErrorThrow);","            local.testCase_buildCustomOrg_default(options, local.onErrorThrow);","            options = [];","            local.buildApp(options, onError);","        };","","        local.testCase_buildCustomOrg_default = local.testCase_buildCustomOrg_default ||","            function (options, onError) {","            /*","             * this function will test buildCustomOrg's default handling-behavior","             */","                options = {};","                local.buildCustomOrg(options, onError);","            };","","        local.testCase_buildLib_default = local.testCase_buildLib_default || function (","            options,","            onError","        ) {","        /*","         * this function will test buildLib's default handling-behavior","         */","            options = {};","            local.buildLib(options, onError);","        };","","        local.testCase_buildReadme_default = local.testCase_buildReadme_default || function (","            options,","            onError","        ) {","        /*","         * this function will test buildReadme's default handling-behavior-behavior","         */","            options = {};","            local.buildReadme(options, onError);","        };","","        local.testCase_buildTest_default = local.testCase_buildTest_default || function (","            options,","            onError","        ) {","        /*","         * this function will test buildTest's default handling-behavior","         */","            options = {};","            local.buildTest(options, onError);","        };","","        local.testCase_webpage_default = local.testCase_webpage_default || function (","            options,","            onError","        ) {","        /*","         * this function will test webpage's default handling-behavior","         */","            options = { modeCoverageMerge: true, url: local.serverLocalHost + '?modeTest=1' };","            local.browserTest(options, onError);","        };","","        // run test-server","        local.testRunServer(local);","        break;","    }","}());",""],"l":{"12":2,"14":2,"19":2,"21":2,"23":2,"24":2,"25":2,"30":1,"37":2,"40":2,"43":1,"47":1,"50":1,"52":1,"55":2,"61":2,"62":2,"64":2,"70":1,"76":1,"82":2,"83":2,"85":2,"91":1,"98":1,"102":1,"105":1,"112":1,"119":1,"120":1,"123":1,"130":1,"131":1,"132":1,"133":1,"134":1,"135":1,"138":1,"143":2,"144":2,"147":1,"154":2,"155":2,"158":1,"165":2,"166":2,"169":1,"176":2,"177":2,"180":1,"187":1,"188":1,"192":1,"193":1}},"/home/travis/build/npmtest/node-npmtest-sails-inverse-model/lib.npmtest_sails_inverse_model.js":{"path":"/home/travis/build/npmtest/node-npmtest-sails-inverse-model/lib.npmtest_sails_inverse_model.js","s":{"1":2,"2":2,"3":2,"4":2,"5":2,"6":2,"7":2,"8":1,"9":2,"10":2,"11":2,"12":2,"13":1,"14":1,"15":1,"16":1},"b":{"1":[2,1,1,1],"2":[1,1,1,1],"3":[1,1],"4":[2,2],"5":[1,1]},"f":{"1":2,"2":2,"3":2},"fnMap":{"1":{"name":"(anonymous_1)","line":12,"loc":{"start":{"line":12,"column":1},"end":{"line":12,"column":13}}},"2":{"name":"(anonymous_2)","line":19,"loc":{"start":{"line":19,"column":5},"end":{"line":19,"column":17}}},"3":{"name":"(anonymous_3)","line":23,"loc":{"start":{"line":23,"column":24},"end":{"line":23,"column":36}}}},"statementMap":{"1":{"start":{"line":12,"column":0},"end":{"line":53,"column":5}},"2":{"start":{"line":14,"column":4},"end":{"line":14,"column":14}},"3":{"start":{"line":19,"column":4},"end":{"line":52,"column":9}},"4":{"start":{"line":21,"column":8},"end":{"line":21,"column":19}},"5":{"start":{"line":23,"column":8},"end":{"line":35,"column":13}},"6":{"start":{"line":24,"column":12},"end":{"line":34,"column":13}},"7":{"start":{"line":25,"column":16},"end":{"line":28,"column":30}},"8":{"start":{"line":30,"column":16},"end":{"line":33,"column":27}},"9":{"start":{"line":37,"column":8},"end":{"line":39,"column":21}},"10":{"start":{"line":41,"column":8},"end":{"line":41,"column":54}},"11":{"start":{"line":43,"column":8},"end":{"line":43,"column":64}},"12":{"start":{"line":45,"column":8},"end":{"line":51,"column":9}},"13":{"start":{"line":46,"column":12},"end":{"line":46,"column":70}},"14":{"start":{"line":48,"column":12},"end":{"line":48,"column":35}},"15":{"start":{"line":49,"column":12},"end":{"line":49,"column":49}},"16":{"start":{"line":50,"column":12},"end":{"line":50,"column":43}}},"branchMap":{"1":{"line":25,"type":"binary-expr","locations":[{"start":{"line":25,"column":23},"end":{"line":25,"column":62}},{"start":{"line":26,"column":20},"end":{"line":26,"column":70}},{"start":{"line":27,"column":20},"end":{"line":27,"column":71}},{"start":{"line":28,"column":20},"end":{"line":28,"column":29}}]},"2":{"line":30,"type":"binary-expr","locations":[{"start":{"line":30,"column":23},"end":{"line":30,"column":37}},{"start":{"line":31,"column":20},"end":{"line":31,"column":61}},{"start":{"line":32,"column":20},"end":{"line":32,"column":70}},{"start":{"line":33,"column":20},"end":{"line":33,"column":26}}]},"3":{"line":37,"type":"cond-expr","locations":[{"start":{"line":38,"column":14},"end":{"line":38,"column":20}},{"start":{"line":39,"column":14},"end":{"line":39,"column":20}}]},"4":{"line":41,"type":"binary-expr","locations":[{"start":{"line":41,"column":16},"end":{"line":41,"column":44}},{"start":{"line":41,"column":48},"end":{"line":41,"column":53}}]},"5":{"line":45,"type":"if","locations":[{"start":{"line":45,"column":8},"end":{"line":45,"column":8}},{"start":{"line":45,"column":8},"end":{"line":45,"column":8}}]}},"code":["/* istanbul instrument in package npmtest_sails_inverse_model */","/*jslint","    bitwise: true,","    browser: true,","    maxerr: 8,","    maxlen: 96,","    node: true,","    nomen: true,","    regexp: true,","    stupid: true","*/","(function () {","    'use strict';","    var local;","","","","    // run shared js-env code - pre-init","    (function () {","        // init local","        local = {};","        // init modeJs","        local.modeJs = (function () {","            try {","                return typeof navigator.userAgent === 'string' &&","                    typeof document.querySelector('body') === 'object' &&","                    typeof XMLHttpRequest.prototype.open === 'function' &&","                    'browser';","            } catch (errorCaughtBrowser) {","                return module.exports &&","                    typeof process.versions.node === 'string' &&","                    typeof require('http').createServer === 'function' &&","                    'node';","            }","        }());","        // init global","        local.global = local.modeJs === 'browser'","            ? window","            : global;","        // init utility2_rollup","        local = local.global.utility2_rollup || local;","        // init lib","        local.local = local.npmtest_sails_inverse_model = local;","        // init exports","        if (local.modeJs === 'browser') {","            local.global.utility2_npmtest_sails_inverse_model = local;","        } else {","            module.exports = local;","            module.exports.__dirname = __dirname;","            module.exports.module = module;","        }","    }());","}());",""],"l":{"12":2,"14":2,"19":2,"21":2,"23":2,"24":2,"25":2,"30":1,"37":2,"41":2,"43":2,"45":2,"46":1,"48":1,"49":1,"50":1}},"/home/travis/build/npmtest/node-npmtest-sails-inverse-model/example.js":{"path":"/home/travis/build/npmtest/node-npmtest-sails-inverse-model/example.js","s":{"1":2,"2":2,"3":2,"4":2,"5":2,"6":2,"7":2,"8":1,"9":2,"10":2,"11":2,"12":2,"13":1,"14":2,"15":2,"16":2,"17":2,"18":2,"19":0,"20":2,"21":1,"22":1,"23":1,"24":1,"25":1,"26":0,"27":0,"28":1,"29":1,"30":2,"31":0,"32":0,"33":0,"34":1,"35":2,"36":2,"37":3,"38":3,"39":3,"40":3,"41":0,"42":3,"43":3,"44":3,"45":1,"46":3,"47":1,"48":1,"49":1,"50":1,"51":1,"52":1,"53":1,"54":1,"55":1,"56":1,"57":0,"58":1,"59":6,"60":6,"61":1,"62":2,"63":0,"64":2,"65":1,"66":1,"67":0,"68":0,"69":0,"70":0,"71":0,"72":0,"73":0,"74":0,"75":0,"76":0,"77":0,"78":0,"79":0,"80":0,"81":0,"82":0,"83":0},"b":{"1":[2,1,1,1],"2":[1,1,1,1],"3":[1,1],"4":[2,2],"5":[1,1],"6":[1,1],"7":[2,0],"8":[2,1,1,1,1,1],"9":[0,2,0],"10":[1,1],"11":[2,1,1],"12":[1,0],"13":[0,2],"14":[2,0,0,0,0,0,0],"15":[0,3],"16":[3,0],"17":[1,1],"18":[0,1],"19":[1,2,0,2],"20":[1,0],"21":[1,1],"22":[0,0],"23":[0,0],"24":[0,0],"25":[0,0],"26":[0,0],"27":[0,0],"28":[0,0]},"f":{"1":2,"2":2,"3":2,"4":2,"5":2,"6":2,"7":3,"8":3,"9":3,"10":1,"11":6,"12":0},"fnMap":{"1":{"name":"(anonymous_1)","line":26,"loc":{"start":{"line":26,"column":1},"end":{"line":26,"column":13}}},"2":{"name":"(anonymous_2)","line":33,"loc":{"start":{"line":33,"column":5},"end":{"line":33,"column":17}}},"3":{"name":"(anonymous_3)","line":37,"loc":{"start":{"line":37,"column":24},"end":{"line":37,"column":36}}},"4":{"name":"(anonymous_4)","line":69,"loc":{"start":{"line":69,"column":31},"end":{"line":69,"column":48}},"skip":true},"5":{"name":"(anonymous_5)","line":78,"loc":{"start":{"line":78,"column":26},"end":{"line":78,"column":45}},"skip":true},"6":{"name":"(anonymous_6)","line":123,"loc":{"start":{"line":123,"column":33},"end":{"line":123,"column":48}},"skip":true},"7":{"name":"(anonymous_7)","line":125,"loc":{"start":{"line":125,"column":27},"end":{"line":125,"column":39}},"skip":true},"8":{"name":"(anonymous_8)","line":133,"loc":{"start":{"line":133,"column":59},"end":{"line":133,"column":74}},"skip":true},"9":{"name":"(anonymous_9)","line":143,"loc":{"start":{"line":143,"column":45},"end":{"line":143,"column":62}},"skip":true},"10":{"name":"(anonymous_10)","line":144,"loc":{"start":{"line":144,"column":73},"end":{"line":144,"column":92}},"skip":true},"11":{"name":"(anonymous_11)","line":272,"loc":{"start":{"line":272,"column":51},"end":{"line":272,"column":77}},"skip":true},"12":{"name":"(anonymous_12)","line":315,"loc":{"start":{"line":315,"column":32},"end":{"line":315,"column":61}},"skip":true}},"statementMap":{"1":{"start":{"line":26,"column":0},"end":{"line":326,"column":5}},"2":{"start":{"line":28,"column":4},"end":{"line":28,"column":14}},"3":{"start":{"line":33,"column":4},"end":{"line":60,"column":9}},"4":{"start":{"line":35,"column":8},"end":{"line":35,"column":19}},"5":{"start":{"line":37,"column":8},"end":{"line":49,"column":13}},"6":{"start":{"line":38,"column":12},"end":{"line":48,"column":13}},"7":{"start":{"line":39,"column":16},"end":{"line":42,"column":30}},"8":{"start":{"line":44,"column":16},"end":{"line":47,"column":27}},"9":{"start":{"line":51,"column":8},"end":{"line":53,"column":21}},"10":{"start":{"line":55,"column":8},"end":{"line":57,"column":45}},"11":{"start":{"line":59,"column":8},"end":{"line":59,"column":35}},"12":{"start":{"line":61,"column":4},"end":{"line":325,"column":5}},"13":{"start":{"line":69,"column":8},"end":{"line":121,"column":10},"skip":true},"14":{"start":{"line":70,"column":12},"end":{"line":88,"column":13},"skip":true},"15":{"start":{"line":76,"column":16},"end":{"line":87,"column":19},"skip":true},"16":{"start":{"line":79,"column":20},"end":{"line":86,"column":21},"skip":true},"17":{"start":{"line":82,"column":24},"end":{"line":82,"column":43},"skip":true},"18":{"start":{"line":83,"column":24},"end":{"line":83,"column":30},"skip":true},"19":{"start":{"line":85,"column":24},"end":{"line":85,"column":49},"skip":true},"20":{"start":{"line":89,"column":12},"end":{"line":107,"column":13},"skip":true},"21":{"start":{"line":92,"column":16},"end":{"line":102,"column":17},"skip":true},"22":{"start":{"line":93,"column":20},"end":{"line":93,"column":86},"skip":true},"23":{"start":{"line":94,"column":20},"end":{"line":95,"column":45},"skip":true},"24":{"start":{"line":96,"column":20},"end":{"line":96,"column":42},"skip":true},"25":{"start":{"line":97,"column":20},"end":{"line":97,"column":48},"skip":true},"26":{"start":{"line":100,"column":20},"end":{"line":100,"column":85},"skip":true},"27":{"start":{"line":101,"column":20},"end":{"line":101,"column":96},"skip":true},"28":{"start":{"line":103,"column":16},"end":{"line":103,"column":22},"skip":true},"29":{"start":{"line":106,"column":16},"end":{"line":106,"column":22},"skip":true},"30":{"start":{"line":108,"column":12},"end":{"line":120,"column":13},"skip":true},"31":{"start":{"line":114,"column":16},"end":{"line":119,"column":17},"skip":true},"32":{"start":{"line":116,"column":20},"end":{"line":116,"column":78},"skip":true},"33":{"start":{"line":118,"column":20},"end":{"line":118,"column":47},"skip":true},"34":{"start":{"line":123,"column":8},"end":{"line":141,"column":11},"skip":true},"35":{"start":{"line":124,"column":12},"end":{"line":124,"column":54},"skip":true},"36":{"start":{"line":125,"column":12},"end":{"line":140,"column":14},"skip":true},"37":{"start":{"line":126,"column":16},"end":{"line":126,"column":28},"skip":true},"38":{"start":{"line":127,"column":16},"end":{"line":127,"column":69},"skip":true},"39":{"start":{"line":128,"column":16},"end":{"line":128,"column":75},"skip":true},"40":{"start":{"line":129,"column":16},"end":{"line":131,"column":17},"skip":true},"41":{"start":{"line":130,"column":20},"end":{"line":130,"column":27},"skip":true},"42":{"start":{"line":133,"column":16},"end":{"line":137,"column":36},"skip":true},"43":{"start":{"line":134,"column":20},"end":{"line":136,"column":55},"skip":true},"44":{"start":{"line":139,"column":16},"end":{"line":139,"column":57},"skip":true},"45":{"start":{"line":143,"column":8},"end":{"line":147,"column":11},"skip":true},"46":{"start":{"line":144,"column":12},"end":{"line":146,"column":15},"skip":true},"47":{"start":{"line":145,"column":16},"end":{"line":145,"column":70},"skip":true},"48":{"start":{"line":149,"column":8},"end":{"line":149,"column":31},"skip":true},"49":{"start":{"line":150,"column":8},"end":{"line":150,"column":14},"skip":true},"50":{"start":{"line":158,"column":8},"end":{"line":158,"column":31},"skip":true},"51":{"start":{"line":160,"column":8},"end":{"line":160,"column":33},"skip":true},"52":{"start":{"line":161,"column":8},"end":{"line":161,"column":37},"skip":true},"53":{"start":{"line":162,"column":8},"end":{"line":162,"column":35},"skip":true},"54":{"start":{"line":164,"column":8},"end":{"line":164,"column":50},"skip":true},"55":{"start":{"line":166,"column":8},"end":{"line":256,"column":2},"skip":true},"56":{"start":{"line":258,"column":8},"end":{"line":286,"column":9},"skip":true},"57":{"start":{"line":259,"column":12},"end":{"line":269,"column":14},"skip":true},"58":{"start":{"line":271,"column":12},"end":{"line":285,"column":19},"skip":true},"59":{"start":{"line":274,"column":20},"end":{"line":274,"column":35},"skip":true},"60":{"start":{"line":275,"column":20},"end":{"line":284,"column":21},"skip":true},"61":{"start":{"line":277,"column":24},"end":{"line":277,"column":64},"skip":true},"62":{"start":{"line":279,"column":24},"end":{"line":279,"column":40},"skip":true},"63":{"start":{"line":281,"column":24},"end":{"line":281,"column":40},"skip":true},"64":{"start":{"line":283,"column":24},"end":{"line":283,"column":39},"skip":true},"65":{"start":{"line":288,"column":8},"end":{"line":290,"column":9},"skip":true},"66":{"start":{"line":289,"column":12},"end":{"line":289,"column":18},"skip":true},"67":{"start":{"line":291,"column":8},"end":{"line":293,"column":54},"skip":true},"68":{"start":{"line":296,"column":8},"end":{"line":301,"column":37},"skip":true},"69":{"start":{"line":303,"column":8},"end":{"line":303,"column":82},"skip":true},"70":{"start":{"line":306,"column":8},"end":{"line":308,"column":9},"skip":true},"71":{"start":{"line":307,"column":12},"end":{"line":307,"column":82},"skip":true},"72":{"start":{"line":310,"column":8},"end":{"line":312,"column":9},"skip":true},"73":{"start":{"line":311,"column":12},"end":{"line":311,"column":18},"skip":true},"74":{"start":{"line":313,"column":8},"end":{"line":313,"column":54},"skip":true},"75":{"start":{"line":314,"column":8},"end":{"line":314,"column":69},"skip":true},"76":{"start":{"line":315,"column":8},"end":{"line":323,"column":36},"skip":true},"77":{"start":{"line":316,"column":12},"end":{"line":316,"column":61},"skip":true},"78":{"start":{"line":317,"column":12},"end":{"line":320,"column":13},"skip":true},"79":{"start":{"line":318,"column":16},"end":{"line":318,"column":75},"skip":true},"80":{"start":{"line":319,"column":16},"end":{"line":319,"column":23},"skip":true},"81":{"start":{"line":321,"column":12},"end":{"line":321,"column":38},"skip":true},"82":{"start":{"line":322,"column":12},"end":{"line":322,"column":27},"skip":true},"83":{"start":{"line":324,"column":8},"end":{"line":324,"column":14},"skip":true}},"branchMap":{"1":{"line":39,"type":"binary-expr","locations":[{"start":{"line":39,"column":23},"end":{"line":39,"column":62}},{"start":{"line":40,"column":20},"end":{"line":40,"column":70}},{"start":{"line":41,"column":20},"end":{"line":41,"column":71}},{"start":{"line":42,"column":20},"end":{"line":42,"column":29}}]},"2":{"line":44,"type":"binary-expr","locations":[{"start":{"line":44,"column":23},"end":{"line":44,"column":37}},{"start":{"line":45,"column":20},"end":{"line":45,"column":61}},{"start":{"line":46,"column":20},"end":{"line":46,"column":70}},{"start":{"line":47,"column":20},"end":{"line":47,"column":26}}]},"3":{"line":51,"type":"cond-expr","locations":[{"start":{"line":52,"column":14},"end":{"line":52,"column":20}},{"start":{"line":53,"column":14},"end":{"line":53,"column":20}}]},"4":{"line":55,"type":"binary-expr","locations":[{"start":{"line":55,"column":16},"end":{"line":55,"column":44}},{"start":{"line":55,"column":49},"end":{"line":57,"column":43}}]},"5":{"line":55,"type":"cond-expr","locations":[{"start":{"line":56,"column":14},"end":{"line":56,"column":63}},{"start":{"line":57,"column":14},"end":{"line":57,"column":43}}]},"6":{"line":61,"type":"switch","locations":[{"start":{"line":68,"column":4},"end":{"line":150,"column":14},"skip":true},{"start":{"line":156,"column":4},"end":{"line":324,"column":14},"skip":true}]},"7":{"line":70,"type":"if","locations":[{"start":{"line":70,"column":12},"end":{"line":70,"column":12},"skip":true},{"start":{"line":70,"column":12},"end":{"line":70,"column":12},"skip":true}]},"8":{"line":70,"type":"binary-expr","locations":[{"start":{"line":70,"column":16},"end":{"line":70,"column":22},"skip":true},{"start":{"line":70,"column":27},"end":{"line":70,"column":32},"skip":true},{"start":{"line":71,"column":20},"end":{"line":71,"column":39},"skip":true},{"start":{"line":72,"column":20},"end":{"line":72,"column":49},"skip":true},{"start":{"line":73,"column":20},"end":{"line":73,"column":58},"skip":true},{"start":{"line":74,"column":20},"end":{"line":74,"column":69},"skip":true}]},"9":{"line":79,"type":"switch","locations":[{"start":{"line":80,"column":20},"end":{"line":80,"column":33},"skip":true},{"start":{"line":81,"column":20},"end":{"line":83,"column":30},"skip":true},{"start":{"line":84,"column":20},"end":{"line":85,"column":49},"skip":true}]},"10":{"line":89,"type":"switch","locations":[{"start":{"line":90,"column":12},"end":{"line":103,"column":22},"skip":true},{"start":{"line":105,"column":12},"end":{"line":106,"column":22},"skip":true}]},"11":{"line":89,"type":"binary-expr","locations":[{"start":{"line":89,"column":20},"end":{"line":89,"column":25},"skip":true},{"start":{"line":89,"column":29},"end":{"line":89,"column":48},"skip":true},{"start":{"line":89,"column":52},"end":{"line":89,"column":74},"skip":true}]},"12":{"line":92,"type":"if","locations":[{"start":{"line":92,"column":16},"end":{"line":92,"column":16},"skip":true},{"start":{"line":92,"column":16},"end":{"line":92,"column":16},"skip":true}]},"13":{"line":108,"type":"if","locations":[{"start":{"line":108,"column":12},"end":{"line":108,"column":12},"skip":true},{"start":{"line":108,"column":12},"end":{"line":108,"column":12},"skip":true}]},"14":{"line":108,"type":"binary-expr","locations":[{"start":{"line":108,"column":16},"end":{"line":108,"column":61},"skip":true},{"start":{"line":108,"column":66},"end":{"line":108,"column":72},"skip":true},{"start":{"line":108,"column":77},"end":{"line":108,"column":82},"skip":true},{"start":{"line":109,"column":20},"end":{"line":109,"column":39},"skip":true},{"start":{"line":110,"column":20},"end":{"line":110,"column":49},"skip":true},{"start":{"line":111,"column":20},"end":{"line":111,"column":58},"skip":true},{"start":{"line":112,"column":20},"end":{"line":112,"column":68},"skip":true}]},"15":{"line":129,"type":"if","locations":[{"start":{"line":129,"column":16},"end":{"line":129,"column":16},"skip":true},{"start":{"line":129,"column":16},"end":{"line":129,"column":16},"skip":true}]},"16":{"line":134,"type":"cond-expr","locations":[{"start":{"line":135,"column":26},"end":{"line":135,"column":29},"skip":true},{"start":{"line":136,"column":26},"end":{"line":136,"column":54},"skip":true}]},"17":{"line":164,"type":"binary-expr","locations":[{"start":{"line":164,"column":27},"end":{"line":164,"column":43},"skip":true},{"start":{"line":164,"column":47},"end":{"line":164,"column":49},"skip":true}]},"18":{"line":258,"type":"if","locations":[{"start":{"line":258,"column":8},"end":{"line":258,"column":8},"skip":true},{"start":{"line":258,"column":8},"end":{"line":258,"column":8},"skip":true}]},"19":{"line":275,"type":"switch","locations":[{"start":{"line":276,"column":20},"end":{"line":277,"column":64},"skip":true},{"start":{"line":278,"column":20},"end":{"line":279,"column":40},"skip":true},{"start":{"line":280,"column":20},"end":{"line":281,"column":40},"skip":true},{"start":{"line":282,"column":20},"end":{"line":283,"column":39},"skip":true}]},"20":{"line":288,"type":"if","locations":[{"start":{"line":288,"column":8},"end":{"line":288,"column":8},"skip":true},{"start":{"line":288,"column":8},"end":{"line":288,"column":8},"skip":true}]},"21":{"line":288,"type":"binary-expr","locations":[{"start":{"line":288,"column":12},"end":{"line":288,"column":40},"skip":true},{"start":{"line":288,"column":44},"end":{"line":288,"column":67},"skip":true}]},"22":{"line":292,"type":"binary-expr","locations":[{"start":{"line":292,"column":12},"end":{"line":292,"column":50},"skip":true},{"start":{"line":293,"column":12},"end":{"line":293,"column":53},"skip":true}]},"23":{"line":297,"type":"binary-expr","locations":[{"start":{"line":297,"column":12},"end":{"line":297,"column":77},"skip":true},{"start":{"line":298,"column":12},"end":{"line":301,"column":36},"skip":true}]},"24":{"line":303,"type":"binary-expr","locations":[{"start":{"line":303,"column":43},"end":{"line":303,"column":75},"skip":true},{"start":{"line":303,"column":79},"end":{"line":303,"column":81},"skip":true}]},"25":{"line":306,"type":"if","locations":[{"start":{"line":306,"column":8},"end":{"line":306,"column":8},"skip":true},{"start":{"line":306,"column":8},"end":{"line":306,"column":8},"skip":true}]},"26":{"line":310,"type":"if","locations":[{"start":{"line":310,"column":8},"end":{"line":310,"column":8},"skip":true},{"start":{"line":310,"column":8},"end":{"line":310,"column":8},"skip":true}]},"27":{"line":313,"type":"binary-expr","locations":[{"start":{"line":313,"column":27},"end":{"line":313,"column":43},"skip":true},{"start":{"line":313,"column":47},"end":{"line":313,"column":53},"skip":true}]},"28":{"line":317,"type":"if","locations":[{"start":{"line":317,"column":12},"end":{"line":317,"column":12},"skip":true},{"start":{"line":317,"column":12},"end":{"line":317,"column":12},"skip":true}]}},"code":["/*","example.js","","quickstart example","","instruction","    1. save this script as example.js","    2. run the shell command:","        $ npm install npmtest-sails-inverse-model && PORT=8081 node example.js","    3. play with the browser-demo on http://127.0.0.1:8081","*/","","","","/* istanbul instrument in package npmtest_sails_inverse_model */","/*jslint","    bitwise: true,","    browser: true,","    maxerr: 8,","    maxlen: 96,","    node: true,","    nomen: true,","    regexp: true,","    stupid: true","*/","(function () {","    'use strict';","    var local;","","","","    // run shared js-env code - pre-init","    (function () {","        // init local","        local = {};","        // init modeJs","        local.modeJs = (function () {","            try {","                return typeof navigator.userAgent === 'string' &&","                    typeof document.querySelector('body') === 'object' &&","                    typeof XMLHttpRequest.prototype.open === 'function' &&","                    'browser';","            } catch (errorCaughtBrowser) {","                return module.exports &&","                    typeof process.versions.node === 'string' &&","                    typeof require('http').createServer === 'function' &&","                    'node';","            }","        }());","        // init global","        local.global = local.modeJs === 'browser'","            ? window","            : global;","        // init utility2_rollup","        local = local.global.utility2_rollup || (local.modeJs === 'browser'","            ? local.global.utility2_npmtest_sails_inverse_model","            : global.utility2_moduleExports);","        // export local","        local.global.local = local;","    }());","    switch (local.modeJs) {","","","","    // post-init","    // run browser js-env code - post-init","    /* istanbul ignore next */","    case 'browser':","        local.testRunBrowser = function (event) {","            if (!event || (event &&","                    event.currentTarget &&","                    event.currentTarget.className &&","                    event.currentTarget.className.includes &&","                    event.currentTarget.className.includes('onreset'))) {","                // reset output","                Array.from(","                    document.querySelectorAll('body > .resettable')","                ).forEach(function (element) {","                    switch (element.tagName) {","                    case 'INPUT':","                    case 'TEXTAREA':","                        element.value = '';","                        break;","                    default:","                        element.textContent = '';","                    }","                });","            }","            switch (event && event.currentTarget && event.currentTarget.id) {","            case 'testRunButton1':","                // show tests","                if (document.querySelector('#testReportDiv1').style.display === 'none') {","                    document.querySelector('#testReportDiv1').style.display = 'block';","                    document.querySelector('#testRunButton1').textContent =","                        'hide internal test';","                    local.modeTest = true;","                    local.testRunDefault(local);","                // hide tests","                } else {","                    document.querySelector('#testReportDiv1').style.display = 'none';","                    document.querySelector('#testRunButton1').textContent = 'run internal test';","                }","                break;","            // custom-case","            default:","                break;","            }","            if (document.querySelector('#inputTextareaEval1') && (!event || (event &&","                    event.currentTarget &&","                    event.currentTarget.className &&","                    event.currentTarget.className.includes &&","                    event.currentTarget.className.includes('oneval')))) {","                // try to eval input-code","                try {","                    /*jslint evil: true*/","                    eval(document.querySelector('#inputTextareaEval1').value);","                } catch (errorCaught) {","                    console.error(errorCaught);","                }","            }","        };","        // log stderr and stdout to #outputTextareaStdout1","        ['error', 'log'].forEach(function (key) {","            console[key + '_original'] = console[key];","            console[key] = function () {","                var element;","                console[key + '_original'].apply(console, arguments);","                element = document.querySelector('#outputTextareaStdout1');","                if (!element) {","                    return;","                }","                // append text to #outputTextareaStdout1","                element.value += Array.from(arguments).map(function (arg) {","                    return typeof arg === 'string'","                        ? arg","                        : JSON.stringify(arg, null, 4);","                }).join(' ') + '\\n';","                // scroll textarea to bottom","                element.scrollTop = element.scrollHeight;","            };","        });","        // init event-handling","        ['change', 'click', 'keyup'].forEach(function (event) {","            Array.from(document.querySelectorAll('.on' + event)).forEach(function (element) {","                element.addEventListener(event, local.testRunBrowser);","            });","        });","        // run tests","        local.testRunBrowser();","        break;","","","","    // run node js-env code - post-init","    /* istanbul ignore next */","    case 'node':","        // export local","        module.exports = local;","        // require modules","        local.fs = require('fs');","        local.http = require('http');","        local.url = require('url');","        // init assets","        local.assetsDict = local.assetsDict || {};","        /* jslint-ignore-begin */","        local.assetsDict['/assets.index.template.html'] = '\\","<!doctype html>\\n\\","<html lang=\"en\">\\n\\","<head>\\n\\","<meta charset=\"UTF-8\">\\n\\","<meta name=\"viewport\" content=\"width=device-width, initial-scale=1\">\\n\\","<title>{{env.npm_package_name}} (v{{env.npm_package_version}})</title>\\n\\","<style>\\n\\","/*csslint\\n\\","    box-sizing: false,\\n\\","    universal-selector: false\\n\\","*/\\n\\","* {\\n\\","    box-sizing: border-box;\\n\\","}\\n\\","body {\\n\\","    background: #dde;\\n\\","    font-family: Arial, Helvetica, sans-serif;\\n\\","    margin: 2rem;\\n\\","}\\n\\","body > * {\\n\\","    margin-bottom: 1rem;\\n\\","}\\n\\",".utility2FooterDiv {\\n\\","    margin-top: 20px;\\n\\","    text-align: center;\\n\\","}\\n\\","</style>\\n\\","<style>\\n\\","/*csslint\\n\\","*/\\n\\","textarea {\\n\\","    font-family: monospace;\\n\\","    height: 10rem;\\n\\","    width: 100%;\\n\\","}\\n\\","textarea[readonly] {\\n\\","    background: #ddd;\\n\\","}\\n\\","</style>\\n\\","</head>\\n\\","<body>\\n\\","<!-- utility2-comment\\n\\","<div id=\"ajaxProgressDiv1\" style=\"background: #d00; height: 2px; left: 0; margin: 0; padding: 0; position: fixed; top: 0; transition: background 0.5s, width 1.5s; width: 25%;\"></div>\\n\\","utility2-comment -->\\n\\","<h1>\\n\\","<!-- utility2-comment\\n\\","    <a\\n\\","        {{#if env.npm_package_homepage}}\\n\\","        href=\"{{env.npm_package_homepage}}\"\\n\\","        {{/if env.npm_package_homepage}}\\n\\","        target=\"_blank\"\\n\\","    >\\n\\","utility2-comment -->\\n\\","        {{env.npm_package_name}} (v{{env.npm_package_version}})\\n\\","<!-- utility2-comment\\n\\","    </a>\\n\\","utility2-comment -->\\n\\","</h1>\\n\\","<h3>{{env.npm_package_description}}</h3>\\n\\","<!-- utility2-comment\\n\\","<h4><a download href=\"assets.app.js\">download standalone app</a></h4>\\n\\","<button class=\"onclick onreset\" id=\"testRunButton1\">run internal test</button><br>\\n\\","<div id=\"testReportDiv1\" style=\"display: none;\"></div>\\n\\","utility2-comment -->\\n\\","\\n\\","\\n\\","\\n\\","<label>stderr and stdout</label>\\n\\","<textarea class=\"resettable\" id=\"outputTextareaStdout1\" readonly></textarea>\\n\\","<!-- utility2-comment\\n\\","{{#if isRollup}}\\n\\","<script src=\"assets.app.js\"></script>\\n\\","{{#unless isRollup}}\\n\\","utility2-comment -->\\n\\","<script src=\"assets.utility2.rollup.js\"></script>\\n\\","<script src=\"jsonp.utility2._stateInit?callback=window.utility2._stateInit\"></script>\\n\\","<script src=\"assets.npmtest_sails_inverse_model.rollup.js\"></script>\\n\\","<script src=\"assets.example.js\"></script>\\n\\","<script src=\"assets.test.js\"></script>\\n\\","<!-- utility2-comment\\n\\","{{/if isRollup}}\\n\\","utility2-comment -->\\n\\","<div class=\"utility2FooterDiv\">\\n\\","    [ this app was created with\\n\\","    <a href=\"https://github.com/kaizhu256/node-utility2\" target=\"_blank\">utility2</a>\\n\\","    ]\\n\\","</div>\\n\\","</body>\\n\\","</html>\\n\\","';","        /* jslint-ignore-end */","        if (local.templateRender) {","            local.assetsDict['/'] = local.templateRender(","                local.assetsDict['/assets.index.template.html'],","                {","                    env: local.objectSetDefault(local.env, {","                        npm_package_description: 'the greatest app in the world!',","                        npm_package_name: 'my-app',","                        npm_package_nameAlias: 'my_app',","                        npm_package_version: '0.0.1'","                    })","                }","            );","        } else {","            local.assetsDict['/'] = local.assetsDict['/assets.index.template.html']","                .replace((/\\{\\{env\\.(\\w+?)\\}\\}/g), function (match0, match1) {","                    // jslint-hack","                    String(match0);","                    switch (match1) {","                    case 'npm_package_description':","                        return 'the greatest app in the world!';","                    case 'npm_package_name':","                        return 'my-app';","                    case 'npm_package_nameAlias':","                        return 'my_app';","                    case 'npm_package_version':","                        return '0.0.1';","                    }","                });","        }","        // run the cli","        if (local.global.utility2_rollup || module !== require.main) {","            break;","        }","        local.assetsDict['/assets.example.js'] =","            local.assetsDict['/assets.example.js'] ||","            local.fs.readFileSync(__filename, 'utf8');","        // bug-workaround - long $npm_package_buildCustomOrg","        /* jslint-ignore-begin */","        local.assetsDict['/assets.npmtest_sails_inverse_model.rollup.js'] =","            local.assetsDict['/assets.npmtest_sails_inverse_model.rollup.js'] ||","            local.fs.readFileSync(","                local.npmtest_sails_inverse_model.__dirname + '/lib.npmtest_sails_inverse_model.js',","                'utf8'","            ).replace((/^#!/), '//');","        /* jslint-ignore-end */","        local.assetsDict['/favicon.ico'] = local.assetsDict['/favicon.ico'] || '';","        // if $npm_config_timeout_exit exists,","        // then exit this process after $npm_config_timeout_exit ms","        if (Number(process.env.npm_config_timeout_exit)) {","            setTimeout(process.exit, Number(process.env.npm_config_timeout_exit));","        }","        // start server","        if (local.global.utility2_serverHttp1) {","            break;","        }","        process.env.PORT = process.env.PORT || '8081';","        console.error('server starting on port ' + process.env.PORT);","        local.http.createServer(function (request, response) {","            request.urlParsed = local.url.parse(request.url);","            if (local.assetsDict[request.urlParsed.pathname] !== undefined) {","                response.end(local.assetsDict[request.urlParsed.pathname]);","                return;","            }","            response.statusCode = 404;","            response.end();","        }).listen(process.env.PORT);","        break;","    }","}());",""],"l":{"26":2,"28":2,"33":2,"35":2,"37":2,"38":2,"39":2,"44":1,"51":2,"55":2,"59":2,"61":2,"69":1,"70":2,"76":2,"79":2,"82":2,"83":2,"85":1,"89":2,"92":1,"93":1,"94":1,"96":1,"97":1,"100":1,"101":1,"103":1,"106":1,"108":2,"114":1,"116":1,"118":1,"123":1,"124":2,"125":2,"126":3,"127":3,"128":3,"129":3,"130":1,"133":3,"134":3,"139":3,"143":1,"144":3,"145":1,"149":1,"150":1,"158":1,"160":1,"161":1,"162":1,"164":1,"166":1,"258":1,"259":1,"271":1,"274":6,"275":6,"277":1,"279":2,"281":1,"283":2,"288":1,"289":1,"291":1,"296":1,"303":1,"306":1,"307":1,"310":1,"311":1,"313":1,"314":1,"315":1,"316":1,"317":1,"318":1,"319":1,"321":1,"322":1,"324":1}},"/home/travis/build/npmtest/node-npmtest-sails-inverse-model/node_modules/sails-inverse-model/index.js":{"path":"/home/travis/build/npmtest/node-npmtest-sails-inverse-model/node_modules/sails-inverse-model/index.js","s":{"1":1,"2":1,"3":1,"4":1,"5":0,"6":1,"7":0,"8":1,"9":0},"b":{},"f":{"1":0,"2":0,"3":0},"fnMap":{"1":{"name":"(anonymous_1)","line":13,"loc":{"start":{"line":13,"column":21},"end":{"line":13,"column":88}}},"2":{"name":"(anonymous_2)","line":25,"loc":{"start":{"line":25,"column":21},"end":{"line":25,"column":88}}},"3":{"name":"(anonymous_3)","line":39,"loc":{"start":{"line":39,"column":21},"end":{"line":39,"column":102}}}},"statementMap":{"1":{"start":{"line":1,"column":0},"end":{"line":1,"column":62}},"2":{"start":{"line":2,"column":0},"end":{"line":2,"column":62}},"3":{"start":{"line":3,"column":0},"end":{"line":3,"column":64}},"4":{"start":{"line":13,"column":0},"end":{"line":15,"column":2}},"5":{"start":{"line":14,"column":2},"end":{"line":14,"column":80}},"6":{"start":{"line":25,"column":0},"end":{"line":27,"column":2}},"7":{"start":{"line":26,"column":2},"end":{"line":26,"column":80}},"8":{"start":{"line":39,"column":0},"end":{"line":41,"column":2}},"9":{"start":{"line":40,"column":2},"end":{"line":40,"column":94}}},"branchMap":{},"code":["var compiler_my = require('./generator/mysql/compiler_mysql');","var compiler_pg = require('./generator/postgres/compiler_pg');","var compiler_mg = require('./generator/mongodb/compiler_mongo');","","/**"," * [generatepg generate mvc from PostgreSQL]"," * @param  {[json]} config               [config database PostgreSQL; user, password, host, database, schema, port]"," * @param  {[string]} folder_models      [dir folder models]"," * @param  {[string]} folder_controllers [dir folder controllers]"," * @param  {[string]} folder_views       [dir folder views]"," * @return {[void]}                    [none]"," */","exports.generatepg = function (config, folder_models, folder_controllers, folder_views) {","  compiler_pg.generate(config, folder_models, folder_controllers, folder_views);","};","","/**"," * [generatemy generate mvc from MySQL]"," * @param  {[json]} config             \t[config database MySQL; user, password, host, database, port]"," * @param  {[string]} folder_models      \t\t[dir folder models]"," * @param  {[string]} folder_controllers \t\t[dir folder controllers]"," * @param  {[string]} folder_views \t\t\t\t\t[dir folder views]"," * @return {[void]}                    \t\t\t[none]"," */","exports.generatemy = function (config, folder_models, folder_controllers, folder_views) {","  compiler_my.generate(config, folder_models, folder_controllers, folder_views);","};","","/**"," * [generatemg MongoDB]"," * @param  {[string]} host               [description]"," * @param  {[number]} port               [description]"," * @param  {[string]} database           [description]"," * @param  {[string]} folder_views       [description]"," * @param  {[string]} folder_models      [description]"," * @param  {[string]} folder_controllers [description]"," * @return {[none]}                    [description]"," */","exports.generatemg = function (host, port, database, folder_views, folder_models, folder_controllers) {","  compiler_mg.generate(host, port, database, folder_views, folder_models, folder_controllers);","};"],"l":{"1":1,"2":1,"3":1,"13":1,"14":0,"25":1,"26":0,"39":1,"40":0}},"/home/travis/build/npmtest/node-npmtest-sails-inverse-model/node_modules/sails-inverse-model/generator/mysql/compiler_mysql.js":{"path":"/home/travis/build/npmtest/node-npmtest-sails-inverse-model/node_modules/sails-inverse-model/generator/mysql/compiler_mysql.js","s":{"1":1,"2":1,"3":1,"4":1,"5":1,"6":1,"7":1,"8":1,"9":1,"10":0,"11":0,"12":0,"13":0,"14":0,"15":0,"16":0,"17":0,"18":0,"19":0,"20":0,"21":0,"22":0,"23":0,"24":0,"25":0,"26":0,"27":0,"28":0,"29":0,"30":0,"31":0,"32":0,"33":0,"34":0,"35":0,"36":1,"37":0,"38":0,"39":0,"40":0,"41":0,"42":1,"43":0,"44":0,"45":0,"46":0,"47":0,"48":0,"49":0,"50":0,"51":0,"52":0,"53":0,"54":0,"55":0,"56":0,"57":0,"58":0,"59":0,"60":0,"61":0,"62":0,"63":0,"64":0,"65":0,"66":0,"67":0,"68":0,"69":0,"70":0,"71":0,"72":0,"73":0,"74":0,"75":0,"76":0,"77":0,"78":0,"79":0,"80":0,"81":0,"82":0,"83":0,"84":0,"85":0,"86":0,"87":0,"88":0,"89":0,"90":1,"91":0,"92":1,"93":0,"94":1,"95":0,"96":1,"97":0,"98":0,"99":0,"100":0,"101":0,"102":0,"103":1,"104":0,"105":0,"106":0,"107":0,"108":0,"109":0,"110":1,"111":0,"112":1,"113":0,"114":1,"115":0,"116":1,"117":0,"118":1,"119":0,"120":1,"121":0,"122":0,"123":0,"124":0,"125":0,"126":0,"127":0,"128":0,"129":0,"130":1,"131":0,"132":0,"133":0,"134":1},"b":{"1":[0,0],"2":[0,0],"3":[0,0],"4":[0,0],"5":[0,0],"6":[0,0],"7":[0,0],"8":[0,0],"9":[0,0],"10":[0,0],"11":[0,0],"12":[0,0],"13":[0,0],"14":[0,0],"15":[0,0],"16":[0,0],"17":[0,0],"18":[0,0,0,0,0],"19":[0,0],"20":[0,0],"21":[0,0],"22":[0,0],"23":[0,0],"24":[0,0],"25":[0,0],"26":[0,0],"27":[0,0],"28":[0,0],"29":[0,0],"30":[0,0,0],"31":[0,0],"32":[0,0],"33":[0,0],"34":[0,0],"35":[0,0]},"f":{"1":0,"2":0,"3":0,"4":0,"5":0,"6":0,"7":0,"8":0,"9":0,"10":0,"11":0,"12":0,"13":0,"14":0,"15":0,"16":0,"17":0,"18":0,"19":0},"fnMap":{"1":{"name":"(anonymous_1)","line":19,"loc":{"start":{"line":19,"column":19},"end":{"line":19,"column":85}}},"2":{"name":"(anonymous_2)","line":21,"loc":{"start":{"line":21,"column":20},"end":{"line":21,"column":40}}},"3":{"name":"(anonymous_3)","line":28,"loc":{"start":{"line":28,"column":28},"end":{"line":28,"column":61}}},"4":{"name":"(anonymous_4)","line":34,"loc":{"start":{"line":34,"column":67},"end":{"line":34,"column":88}}},"5":{"name":"(anonymous_5)","line":61,"loc":{"start":{"line":61,"column":9},"end":{"line":61,"column":23}}},"6":{"name":"transpile","line":86,"loc":{"start":{"line":86,"column":0},"end":{"line":86,"column":61}}},"7":{"name":"(anonymous_7)","line":97,"loc":{"start":{"line":97,"column":27},"end":{"line":97,"column":100}}},"8":{"name":"getPK","line":177,"loc":{"start":{"line":177,"column":0},"end":{"line":177,"column":17}}},"9":{"name":"getRequired","line":181,"loc":{"start":{"line":181,"column":0},"end":{"line":181,"column":23}}},"10":{"name":"getUnique","line":185,"loc":{"start":{"line":185,"column":0},"end":{"line":185,"column":21}}},"11":{"name":"getString","line":189,"loc":{"start":{"line":189,"column":0},"end":{"line":189,"column":25}}},"12":{"name":"getInteger","line":199,"loc":{"start":{"line":199,"column":0},"end":{"line":199,"column":26}}},"13":{"name":"getFloat","line":209,"loc":{"start":{"line":209,"column":0},"end":{"line":209,"column":20}}},"14":{"name":"getBoolean","line":213,"loc":{"start":{"line":213,"column":0},"end":{"line":213,"column":22}}},"15":{"name":"getText","line":217,"loc":{"start":{"line":217,"column":0},"end":{"line":217,"column":19}}},"16":{"name":"getDate","line":221,"loc":{"start":{"line":221,"column":0},"end":{"line":221,"column":19}}},"17":{"name":"getDateTime","line":225,"loc":{"start":{"line":225,"column":0},"end":{"line":225,"column":23}}},"18":{"name":"getEnum","line":230,"loc":{"start":{"line":230,"column":0},"end":{"line":230,"column":23}}},"19":{"name":"quitComma","line":247,"loc":{"start":{"line":247,"column":0},"end":{"line":247,"column":24}}}},"statementMap":{"1":{"start":{"line":7,"column":0},"end":{"line":7,"column":37}},"2":{"start":{"line":8,"column":0},"end":{"line":8,"column":37}},"3":{"start":{"line":10,"column":0},"end":{"line":10,"column":37}},"4":{"start":{"line":11,"column":0},"end":{"line":11,"column":42}},"5":{"start":{"line":12,"column":0},"end":{"line":12,"column":29}},"6":{"start":{"line":14,"column":0},"end":{"line":14,"column":19}},"7":{"start":{"line":15,"column":0},"end":{"line":15,"column":31}},"8":{"start":{"line":17,"column":0},"end":{"line":17,"column":25}},"9":{"start":{"line":19,"column":0},"end":{"line":77,"column":2}},"10":{"start":{"line":21,"column":2},"end":{"line":76,"column":5}},"11":{"start":{"line":22,"column":4},"end":{"line":75,"column":5}},"12":{"start":{"line":23,"column":6},"end":{"line":23,"column":34}},"13":{"start":{"line":25,"column":6},"end":{"line":26,"column":18}},"14":{"start":{"line":28,"column":6},"end":{"line":74,"column":9}},"15":{"start":{"line":29,"column":8},"end":{"line":60,"column":9}},"16":{"start":{"line":30,"column":10},"end":{"line":30,"column":100}},"17":{"start":{"line":32,"column":10},"end":{"line":33,"column":31}},"18":{"start":{"line":34,"column":10},"end":{"line":59,"column":13}},"19":{"start":{"line":35,"column":12},"end":{"line":50,"column":13}},"20":{"start":{"line":37,"column":14},"end":{"line":37,"column":43}},"21":{"start":{"line":38,"column":14},"end":{"line":44,"column":15}},"22":{"start":{"line":39,"column":16},"end":{"line":42,"column":18}},"23":{"start":{"line":45,"column":14},"end":{"line":45,"column":50}},"24":{"start":{"line":47,"column":14},"end":{"line":47,"column":70}},"25":{"start":{"line":48,"column":14},"end":{"line":48,"column":54}},"26":{"start":{"line":49,"column":14},"end":{"line":49,"column":58}},"27":{"start":{"line":52,"column":12},"end":{"line":56,"column":15}},"28":{"start":{"line":58,"column":12},"end":{"line":58,"column":34}},"29":{"start":{"line":62,"column":8},"end":{"line":62,"column":57}},"30":{"start":{"line":65,"column":8},"end":{"line":67,"column":9}},"31":{"start":{"line":66,"column":10},"end":{"line":66,"column":46}},"32":{"start":{"line":68,"column":8},"end":{"line":70,"column":9}},"33":{"start":{"line":69,"column":10},"end":{"line":69,"column":44}},"34":{"start":{"line":71,"column":8},"end":{"line":73,"column":9}},"35":{"start":{"line":72,"column":10},"end":{"line":72,"column":54}},"36":{"start":{"line":86,"column":0},"end":{"line":95,"column":1}},"37":{"start":{"line":88,"column":2},"end":{"line":88,"column":33}},"38":{"start":{"line":89,"column":2},"end":{"line":89,"column":45}},"39":{"start":{"line":90,"column":2},"end":{"line":90,"column":40}},"40":{"start":{"line":91,"column":2},"end":{"line":91,"column":31}},"41":{"start":{"line":94,"column":2},"end":{"line":94,"column":107}},"42":{"start":{"line":97,"column":0},"end":{"line":175,"column":2}},"43":{"start":{"line":98,"column":2},"end":{"line":103,"column":4}},"44":{"start":{"line":106,"column":2},"end":{"line":106,"column":21}},"45":{"start":{"line":108,"column":2},"end":{"line":108,"column":28}},"46":{"start":{"line":110,"column":2},"end":{"line":142,"column":3}},"47":{"start":{"line":112,"column":4},"end":{"line":112,"column":36}},"48":{"start":{"line":113,"column":4},"end":{"line":113,"column":31}},"49":{"start":{"line":114,"column":9},"end":{"line":142,"column":3}},"50":{"start":{"line":116,"column":4},"end":{"line":116,"column":37}},"51":{"start":{"line":117,"column":4},"end":{"line":117,"column":33}},"52":{"start":{"line":118,"column":9},"end":{"line":142,"column":3}},"53":{"start":{"line":120,"column":4},"end":{"line":120,"column":33}},"54":{"start":{"line":121,"column":4},"end":{"line":121,"column":35}},"55":{"start":{"line":122,"column":9},"end":{"line":142,"column":3}},"56":{"start":{"line":127,"column":4},"end":{"line":127,"column":31}},"57":{"start":{"line":128,"column":4},"end":{"line":128,"column":33}},"58":{"start":{"line":129,"column":9},"end":{"line":142,"column":3}},"59":{"start":{"line":130,"column":4},"end":{"line":130,"column":34}},"60":{"start":{"line":131,"column":4},"end":{"line":131,"column":31}},"61":{"start":{"line":132,"column":9},"end":{"line":142,"column":3}},"62":{"start":{"line":133,"column":4},"end":{"line":133,"column":30}},"63":{"start":{"line":134,"column":4},"end":{"line":134,"column":31}},"64":{"start":{"line":135,"column":9},"end":{"line":142,"column":3}},"65":{"start":{"line":136,"column":4},"end":{"line":136,"column":34}},"66":{"start":{"line":137,"column":4},"end":{"line":137,"column":35}},"67":{"start":{"line":138,"column":9},"end":{"line":142,"column":3}},"68":{"start":{"line":140,"column":4},"end":{"line":140,"column":30}},"69":{"start":{"line":141,"column":4},"end":{"line":141,"column":31}},"70":{"start":{"line":143,"column":2},"end":{"line":155,"column":3}},"71":{"start":{"line":144,"column":4},"end":{"line":144,"column":28}},"72":{"start":{"line":145,"column":4},"end":{"line":145,"column":33}},"73":{"start":{"line":146,"column":9},"end":{"line":155,"column":3}},"74":{"start":{"line":147,"column":4},"end":{"line":152,"column":5}},"75":{"start":{"line":148,"column":6},"end":{"line":148,"column":49}},"76":{"start":{"line":151,"column":6},"end":{"line":151,"column":58}},"77":{"start":{"line":153,"column":9},"end":{"line":155,"column":3}},"78":{"start":{"line":154,"column":4},"end":{"line":154,"column":32}},"79":{"start":{"line":156,"column":2},"end":{"line":159,"column":3}},"80":{"start":{"line":157,"column":4},"end":{"line":157,"column":34}},"81":{"start":{"line":158,"column":4},"end":{"line":158,"column":33}},"82":{"start":{"line":160,"column":2},"end":{"line":168,"column":3}},"83":{"start":{"line":161,"column":4},"end":{"line":161,"column":29}},"84":{"start":{"line":162,"column":4},"end":{"line":166,"column":5}},"85":{"start":{"line":163,"column":6},"end":{"line":163,"column":40}},"86":{"start":{"line":165,"column":6},"end":{"line":165,"column":28}},"87":{"start":{"line":167,"column":4},"end":{"line":167,"column":24}},"88":{"start":{"line":170,"column":2},"end":{"line":173,"column":4}},"89":{"start":{"line":174,"column":2},"end":{"line":174,"column":16}},"90":{"start":{"line":177,"column":0},"end":{"line":179,"column":1}},"91":{"start":{"line":178,"column":2},"end":{"line":178,"column":28}},"92":{"start":{"line":181,"column":0},"end":{"line":183,"column":1}},"93":{"start":{"line":182,"column":2},"end":{"line":182,"column":26}},"94":{"start":{"line":185,"column":0},"end":{"line":187,"column":1}},"95":{"start":{"line":186,"column":2},"end":{"line":186,"column":24}},"96":{"start":{"line":189,"column":0},"end":{"line":197,"column":1}},"97":{"start":{"line":190,"column":2},"end":{"line":190,"column":15}},"98":{"start":{"line":191,"column":2},"end":{"line":191,"column":51}},"99":{"start":{"line":192,"column":2},"end":{"line":192,"column":29}},"100":{"start":{"line":193,"column":2},"end":{"line":195,"column":3}},"101":{"start":{"line":194,"column":4},"end":{"line":194,"column":47}},"102":{"start":{"line":196,"column":2},"end":{"line":196,"column":34}},"103":{"start":{"line":199,"column":0},"end":{"line":207,"column":1}},"104":{"start":{"line":200,"column":2},"end":{"line":200,"column":15}},"105":{"start":{"line":201,"column":2},"end":{"line":201,"column":51}},"106":{"start":{"line":202,"column":2},"end":{"line":202,"column":30}},"107":{"start":{"line":203,"column":2},"end":{"line":205,"column":3}},"108":{"start":{"line":204,"column":4},"end":{"line":204,"column":47}},"109":{"start":{"line":206,"column":2},"end":{"line":206,"column":34}},"110":{"start":{"line":209,"column":0},"end":{"line":211,"column":1}},"111":{"start":{"line":210,"column":2},"end":{"line":210,"column":25}},"112":{"start":{"line":213,"column":0},"end":{"line":215,"column":1}},"113":{"start":{"line":214,"column":2},"end":{"line":214,"column":26}},"114":{"start":{"line":217,"column":0},"end":{"line":219,"column":1}},"115":{"start":{"line":218,"column":2},"end":{"line":218,"column":24}},"116":{"start":{"line":221,"column":0},"end":{"line":223,"column":1}},"117":{"start":{"line":222,"column":2},"end":{"line":222,"column":24}},"118":{"start":{"line":225,"column":0},"end":{"line":227,"column":1}},"119":{"start":{"line":226,"column":2},"end":{"line":226,"column":28}},"120":{"start":{"line":230,"column":0},"end":{"line":245,"column":1}},"121":{"start":{"line":231,"column":2},"end":{"line":231,"column":15}},"122":{"start":{"line":232,"column":2},"end":{"line":232,"column":30}},"123":{"start":{"line":233,"column":2},"end":{"line":233,"column":30}},"124":{"start":{"line":235,"column":2},"end":{"line":235,"column":8}},"125":{"start":{"line":236,"column":2},"end":{"line":236,"column":67}},"126":{"start":{"line":238,"column":2},"end":{"line":242,"column":5}},"127":{"start":{"line":239,"column":4},"end":{"line":241,"column":5}},"128":{"start":{"line":240,"column":6},"end":{"line":240,"column":33}},"129":{"start":{"line":244,"column":2},"end":{"line":244,"column":52}},"130":{"start":{"line":247,"column":0},"end":{"line":252,"column":1}},"131":{"start":{"line":248,"column":2},"end":{"line":250,"column":3}},"132":{"start":{"line":249,"column":4},"end":{"line":249,"column":48}},"133":{"start":{"line":251,"column":2},"end":{"line":251,"column":13}},"134":{"start":{"line":254,"column":0},"end":{"line":254,"column":30}}},"branchMap":{"1":{"line":22,"type":"if","locations":[{"start":{"line":22,"column":4},"end":{"line":22,"column":4}},{"start":{"line":22,"column":4},"end":{"line":22,"column":4}}]},"2":{"line":29,"type":"if","locations":[{"start":{"line":29,"column":8},"end":{"line":29,"column":8}},{"start":{"line":29,"column":8},"end":{"line":29,"column":8}}]},"3":{"line":38,"type":"if","locations":[{"start":{"line":38,"column":14},"end":{"line":38,"column":14}},{"start":{"line":38,"column":14},"end":{"line":38,"column":14}}]},"4":{"line":38,"type":"binary-expr","locations":[{"start":{"line":38,"column":18},"end":{"line":38,"column":30}},{"start":{"line":38,"column":34},"end":{"line":38,"column":71}}]},"5":{"line":65,"type":"if","locations":[{"start":{"line":65,"column":8},"end":{"line":65,"column":8}},{"start":{"line":65,"column":8},"end":{"line":65,"column":8}}]},"6":{"line":65,"type":"binary-expr","locations":[{"start":{"line":65,"column":12},"end":{"line":65,"column":31}},{"start":{"line":65,"column":35},"end":{"line":65,"column":47}}]},"7":{"line":68,"type":"if","locations":[{"start":{"line":68,"column":8},"end":{"line":68,"column":8}},{"start":{"line":68,"column":8},"end":{"line":68,"column":8}}]},"8":{"line":68,"type":"binary-expr","locations":[{"start":{"line":68,"column":12},"end":{"line":68,"column":32}},{"start":{"line":68,"column":36},"end":{"line":68,"column":49}}]},"9":{"line":71,"type":"if","locations":[{"start":{"line":71,"column":8},"end":{"line":71,"column":8}},{"start":{"line":71,"column":8},"end":{"line":71,"column":8}}]},"10":{"line":71,"type":"binary-expr","locations":[{"start":{"line":71,"column":12},"end":{"line":71,"column":37}},{"start":{"line":71,"column":41},"end":{"line":71,"column":59}}]},"11":{"line":110,"type":"if","locations":[{"start":{"line":110,"column":2},"end":{"line":110,"column":2}},{"start":{"line":110,"column":2},"end":{"line":110,"column":2}}]},"12":{"line":110,"type":"binary-expr","locations":[{"start":{"line":110,"column":6},"end":{"line":110,"column":34}},{"start":{"line":111,"column":4},"end":{"line":111,"column":29}}]},"13":{"line":114,"type":"if","locations":[{"start":{"line":114,"column":9},"end":{"line":114,"column":9}},{"start":{"line":114,"column":9},"end":{"line":114,"column":9}}]},"14":{"line":114,"type":"binary-expr","locations":[{"start":{"line":114,"column":13},"end":{"line":114,"column":37}},{"start":{"line":115,"column":4},"end":{"line":115,"column":30}}]},"15":{"line":118,"type":"if","locations":[{"start":{"line":118,"column":9},"end":{"line":118,"column":9}},{"start":{"line":118,"column":9},"end":{"line":118,"column":9}}]},"16":{"line":118,"type":"binary-expr","locations":[{"start":{"line":118,"column":13},"end":{"line":118,"column":38}},{"start":{"line":119,"column":4},"end":{"line":119,"column":28}}]},"17":{"line":122,"type":"if","locations":[{"start":{"line":122,"column":9},"end":{"line":122,"column":9}},{"start":{"line":122,"column":9},"end":{"line":122,"column":9}}]},"18":{"line":122,"type":"binary-expr","locations":[{"start":{"line":122,"column":13},"end":{"line":122,"column":39}},{"start":{"line":123,"column":4},"end":{"line":123,"column":28}},{"start":{"line":124,"column":4},"end":{"line":124,"column":32}},{"start":{"line":125,"column":4},"end":{"line":125,"column":29}},{"start":{"line":126,"column":4},"end":{"line":126,"column":34}}]},"19":{"line":129,"type":"if","locations":[{"start":{"line":129,"column":9},"end":{"line":129,"column":9}},{"start":{"line":129,"column":9},"end":{"line":129,"column":9}}]},"20":{"line":132,"type":"if","locations":[{"start":{"line":132,"column":9},"end":{"line":132,"column":9}},{"start":{"line":132,"column":9},"end":{"line":132,"column":9}}]},"21":{"line":135,"type":"if","locations":[{"start":{"line":135,"column":9},"end":{"line":135,"column":9}},{"start":{"line":135,"column":9},"end":{"line":135,"column":9}}]},"22":{"line":138,"type":"if","locations":[{"start":{"line":138,"column":9},"end":{"line":138,"column":9}},{"start":{"line":138,"column":9},"end":{"line":138,"column":9}}]},"23":{"line":138,"type":"binary-expr","locations":[{"start":{"line":138,"column":13},"end":{"line":138,"column":38}},{"start":{"line":139,"column":4},"end":{"line":139,"column":29}}]},"24":{"line":143,"type":"if","locations":[{"start":{"line":143,"column":2},"end":{"line":143,"column":2}},{"start":{"line":143,"column":2},"end":{"line":143,"column":2}}]},"25":{"line":146,"type":"if","locations":[{"start":{"line":146,"column":9},"end":{"line":146,"column":9}},{"start":{"line":146,"column":9},"end":{"line":146,"column":9}}]},"26":{"line":147,"type":"if","locations":[{"start":{"line":147,"column":4},"end":{"line":147,"column":4}},{"start":{"line":147,"column":4},"end":{"line":147,"column":4}}]},"27":{"line":153,"type":"if","locations":[{"start":{"line":153,"column":9},"end":{"line":153,"column":9}},{"start":{"line":153,"column":9},"end":{"line":153,"column":9}}]},"28":{"line":156,"type":"if","locations":[{"start":{"line":156,"column":2},"end":{"line":156,"column":2}},{"start":{"line":156,"column":2},"end":{"line":156,"column":2}}]},"29":{"line":160,"type":"if","locations":[{"start":{"line":160,"column":2},"end":{"line":160,"column":2}},{"start":{"line":160,"column":2},"end":{"line":160,"column":2}}]},"30":{"line":160,"type":"binary-expr","locations":[{"start":{"line":160,"column":6},"end":{"line":160,"column":27}},{"start":{"line":160,"column":31},"end":{"line":160,"column":46}},{"start":{"line":160,"column":50},"end":{"line":160,"column":73}}]},"31":{"line":162,"type":"if","locations":[{"start":{"line":162,"column":4},"end":{"line":162,"column":4}},{"start":{"line":162,"column":4},"end":{"line":162,"column":4}}]},"32":{"line":193,"type":"if","locations":[{"start":{"line":193,"column":2},"end":{"line":193,"column":2}},{"start":{"line":193,"column":2},"end":{"line":193,"column":2}}]},"33":{"line":203,"type":"if","locations":[{"start":{"line":203,"column":2},"end":{"line":203,"column":2}},{"start":{"line":203,"column":2},"end":{"line":203,"column":2}}]},"34":{"line":239,"type":"if","locations":[{"start":{"line":239,"column":4},"end":{"line":239,"column":4}},{"start":{"line":239,"column":4},"end":{"line":239,"column":4}}]},"35":{"line":248,"type":"if","locations":[{"start":{"line":248,"column":2},"end":{"line":248,"column":2}},{"start":{"line":248,"column":2},"end":{"line":248,"column":2}}]}},"code":["/**"," * compiler_mysql.js"," * 2016"," *"," * Process mysql to models waterline"," */","var mysqldesc = require('mysqldesc');","var s = require(\"underscore.string\");","","var to = require('../../configs/to');","var view = require('../../genviews/view');","var async = require(\"async\");","","require('../save');","require('../../configs/color');","","var FK_IDENTIFIER = \"id\";","","exports.generate = function(config, folder_models, folder_controllers, folder_views) {","  // Describe connected database","  mysqldesc(config, function(err, data) {","    if (err) {","      console.log(\"ERROR: \", err);","    } else {","      var Models = [],","        count = 1;","","      async.forEachOf(data, function(value, table, callback) {","        if (data.hasOwnProperty(table)) {","          console.log(color(\"[\" + (count++) + \" Generating]\", \"blue\") + \" \" + table + \" table ...\");","","          var attributes_sails = [],","            view_contents = [];","          mysqldesc.keyColumnUsage(config, config.database, table, function(err, data2) {","            for (var colum in data[table]) {","              //console.log(table + \"=>\" + colum);","              var reference_fk = undefined;","              if (data2[colum] && data2[colum][\"REFERENCED_TABLE_NAME\"]) {","                reference_fk = {","                  table: data2[colum].REFERENCED_TABLE_NAME,","                  column: data2[colum].REFERENCED_COLUMN_NAME","                };","                //console.log(table + \"=>\" + JSON.stringify(data2[colum], null, 4));","              }","              var attributes = data[table][colum];","              //console.log(attributes);","              var result = transpile(attributes, colum, reference_fk);","              view_contents.push(result.view_content);","              attributes_sails.push(result.model_content);","            }","            //console.log(\"-------------\");","            Models.push({","              model_name: s.camelize(table).trim(),","              content: \"attributes: { \" + attributes_sails + \" }\",","              view_content: view_contents","            });","            //console.log(table + \" = \" + JSON.stringify(table, null, 4));","            callback(null, table);","          });","        }","      }, function(err) {","        console.log([Models.length, \"tables\"].join(\" \"));","","        //console.log(Models);","        if (folder_views !== \"\" && folder_views) {","          view.generate(Models, folder_views);","        }","        if (folder_models !== \"\" && folder_models) {","          saveModels(folder_models, Models);","        }","        if (folder_controllers !== \"\" && folder_controllers) {","          saveControllers(folder_controllers, Models);","        }","      });","    }","  });","};","","/**"," * [transpile: convert all attributes mysql to orm sailsjs]"," * @param  {[type]} attributes     \t[description]"," * @param  {[type]} name_attribute \t[description]"," * @param  {[type]} reference_fk \t  [description]"," * @return {[type]}                \t[description]"," */","function transpile(attributes, name_attribute, reference_fk) {","  //console.log(\"attributes \" + JSON.stringify(attributes, null, 4));","  var type_ = attributes[\"Type\"];","  var default_value_ = attributes[\"Default\"];","  var is_nullable_ = attributes[\"Null\"];","  var key_ = attributes[\"Key\"];","","  //console.log(JSON.stringify(attributes));","  return exports.toSailsAttribute(type_, name_attribute, default_value_, is_nullable_, key_, reference_fk);","}","","exports.toSailsAttribute = function(Type, attrib, default_value_, is_nullable_, key_, reference_fk) {","  var content_view = {","    required: false,","    default_value: default_value_,","    name: attrib,","    type: undefined","  };","","  //console.log(attrib);","  var attribute = [];","","  Type = Type.toLowerCase();","","  if (Type.indexOf('varchar') > -1 ||","    Type.indexOf('time') > -1) {","    attribute.push(getString(Type));","    content_view.type = \"text\";","  } else if (Type.indexOf('int') > -1 ||","    Type.indexOf('small') > -1) { //Include smallint","    attribute.push(getInteger(Type));","    content_view.type = \"number\";","  } else if (Type.indexOf('bool') > -1 ||","    Type.indexOf('bit') > -1) {","    attribute.push(getBoolean());","    content_view.type = \"checkbox\";","  } else if (Type.indexOf('float') > -1 ||","    Type.indexOf('dec') > -1 || //Include decimal","    Type.indexOf('numeric') > -1 ||","    Type.indexOf('real') > -1 ||","    Type.indexOf('precicion') > -1) {","    attribute.push(getFloat());","    content_view.type = \"number\";","  } else if (Type.indexOf('enum') > -1) {","    attribute.push(getEnum(Type));","    content_view.type = \"text\";","  } else if (Type.indexOf('text') > -1) {","    attribute.push(getText());","    content_view.type = \"text\";","  } else if (Type.indexOf('datetime') > -1) {","    attribute.push(getDateTime());","    content_view.type = \"datetime\";","  } else if (Type.indexOf('date') > -1 ||","    Type.indexOf('year') > -1) {","    attribute.push(getDate());","    content_view.type = \"date\";","  }","  if (key_ === \"PRI\") {","    attribute.push(getPK());","    content_view.required = true;","  } else if (key_ === \"MUL\") {","    if (reference_fk) {","      attrib = attrib.replace(FK_IDENTIFIER, \"\");","      //attrib = reference_fk.table;","      //attribute.push('model: ' + reference_fk.table);","      attribute = ['model: \"' + reference_fk.table + '\"'];","    }","  } else if (key_ === \"UNI\") {","    attribute.push(getUnique());","  }","  if (is_nullable_ === \"NO\") {","    attribute.push(getRequired());","    content_view.required = true;","  }","  if (default_value_ !== \"\" && !default_value_ && default_value_ !== null) {","    var def = \"defaultsTo: \";","    if (content_view.type == \"text\") {","      def += '\"' + default_value_ + '\"';","    } else {","      def += default_value_;","    }","    attribute.push(def);","  }","","  var result = {","    model_content: attrib.toLowerCase() + \": {\" + attribute.join(',') + \"}\",","    view_content: JSON.stringify(content_view)","  };","  return result;","};","","function getPK() {","  return \"primaryKey: true\";","}","","function getRequired() {","  return \"required: true\";","}","","function getUnique() {","  return \"unique: true\";","}","","function getString(Type) {","  var out = [];","  var attr_aux = Type.toLowerCase().split(/[(*)]/);","  out.push('type: \"string\"');","  if (attr_aux[1]) {","    out.push(\"size: \" + parseInt(attr_aux[1]));","  }","  return quitComma(out.join(\",\"));","}","","function getInteger(Type) {","  var out = [];","  var attr_aux = Type.toLowerCase().split(/[(*)]/);","  out.push('type: \"integer\"');","  if (attr_aux[1]) {","    out.push(\"size: \" + parseInt(attr
[...]
"column":2},"end":{"line":48,"column":18}},"23":{"start":{"line":49,"column":2},"end":{"line":49,"column":19}},"24":{"start":{"line":50,"column":2},"end":{"line":51,"column":12}},"25":{"start":{"line":52,"column":2},"end":{"line":52,"column":10}},"26":{"start":{"line":53,"column":2},"end":{"line":75,"column":3}},"27":{"start":{"line":54,"column":4},"end":{"line":54,"column":16}},"28":{"start":{"line":55,"column":4},"end":{"line":55,"column":17}},"29":{"start":{"line":56,"column":4},"end":{"line":72,"column":5}},"30":{"start":{"line":57,"column":6},"end":{"line":57,"column":45}},"31":{"start":{"line":58,"column":6},"end":{"line":71,"column":7}},"32":{"start":{"line":59,"column":8},"end":{"line":61,"column":32}},"33":{"start":{"line":62,"column":8},"end":{"line":62,"column":43}},"34":{"start":{"line":63,"column":8},"end":{"line":63,"column":41}},"35":{"start":{"line":64,"column":8},"end":{"line":66,"column":9}},"36":{"start":{"line":65,"column":10},"end":{"line":65,"column":38}},"37":{"start":{"line":67,"column":8},"end":{"line":67,"column":22}},"38":{"start":{"line":68,"column":8},"end":{"line":68,"column":48}},"39":{"start":{"line":70,"column":8},"end":{"line":70,"column":22}},"40":{"start":{"line":73,"column":4},"end":{"line":73,"column":19}},"41":{"start":{"line":74,"column":4},"end":{"line":74,"column":18}},"42":{"start":{"line":76,"column":2},"end":{"line":76,"column":16}},"43":{"start":{"line":79,"column":0},"end":{"line":88,"column":1}},"44":{"start":{"line":80,"column":2},"end":{"line":80,"column":18}},"45":{"start":{"line":81,"column":2},"end":{"line":86,"column":3}},"46":{"start":{"line":82,"column":4},"end":{"line":85,"column":5}},"47":{"start":{"line":83,"column":6},"end":{"line":83,"column":67}},"48":{"start":{"line":84,"column":6},"end":{"line":84,"column":12}},"49":{"start":{"line":87,"column":2},"end":{"line":87,"column":14}},"50":{"start":{"line":90,"column":0},"end":{"line":98,"column":1}},"51":{"start":{"line":91,"column":2},"end":{"line":91,"column":36}},"52":{"start":{"line":92,"column":2},"end":{"line":96,"column":22}},"53":{"start":{"line":97,"column":2},"end":{"line":97,"column":14}},"54":{"start":{"line":100,"column":0},"end":{"line":107,"column":1}},"55":{"start":{"line":101,"column":2},"end":{"line":105,"column":3}},"56":{"start":{"line":102,"column":4},"end":{"line":104,"column":5}},"57":{"start":{"line":103,"column":6},"end":{"line":103,"column":19}},"58":{"start":{"line":106,"column":2},"end":{"line":106,"column":14}},"59":{"start":{"line":109,"column":0},"end":{"line":132,"column":1}},"60":{"start":{"line":110,"column":2},"end":{"line":110,"column":36}},"61":{"start":{"line":111,"column":2},"end":{"line":111,"column":52}},"62":{"start":{"line":112,"column":2},"end":{"line":112,"column":21}},"63":{"start":{"line":113,"column":2},"end":{"line":113,"column":30}},"64":{"start":{"line":114,"column":2},"end":{"line":114,"column":12}},"65":{"start":{"line":115,"column":2},"end":{"line":130,"column":3}},"66":{"start":{"line":116,"column":4},"end":{"line":116,"column":56}},"67":{"start":{"line":117,"column":4},"end":{"line":129,"column":5}},"68":{"start":{"line":119,"column":6},"end":{"line":121,"column":13}},"69":{"start":{"line":122,"column":6},"end":{"line":128,"column":9}},"70":{"start":{"line":131,"column":2},"end":{"line":131,"column":19}},"71":{"start":{"line":134,"column":0},"end":{"line":168,"column":1}},"72":{"start":{"line":135,"column":2},"end":{"line":135,"column":18}},"73":{"start":{"line":137,"column":2},"end":{"line":166,"column":3}},"74":{"start":{"line":139,"column":6},"end":{"line":141,"column":26}},"75":{"start":{"line":142,"column":6},"end":{"line":142,"column":12}},"76":{"start":{"line":144,"column":6},"end":{"line":144,"column":28}},"77":{"start":{"line":145,"column":6},"end":{"line":152,"column":7}},"78":{"start":{"line":146,"column":8},"end":{"line":146,"column":37}},"79":{"start":{"line":147,"column":8},"end":{"line":149,"column":36}},"80":{"start":{"line":151,"column":8},"end":{"line":151,"column":21}},"81":{"start":{"line":153,"column":6},"end":{"line":153,"column":12}},"82":{"start":{"line":155,"column":6},"end":{"line":155,"column":26}},"83":{"start":{"line":156,"column":6},"end":{"line":163,"column":7}},"84":{"start":{"line":157,"column":8},"end":{"line":157,"column":37}},"85":{"start":{"line":158,"column":8},"end":{"line":160,"column":55}},"86":{"start":{"line":162,"column":8},"end":{"line":162,"column":20}},"87":{"start":{"line":164,"column":6},"end":{"line":164,"column":12}},"88":{"start":{"line":167,"column":2},"end":{"line":167,"column":16}},"89":{"start":{"line":170,"column":0},"end":{"line":188,"column":1}},"90":{"start":{"line":171,"column":2},"end":{"line":171,"column":22}},"91":{"start":{"line":172,"column":2},"end":{"line":173,"column":9}},"92":{"start":{"line":174,"column":2},"end":{"line":184,"column":3}},"93":{"start":{"line":175,"column":4},"end":{"line":177,"column":21}},"94":{"start":{"line":178,"column":4},"end":{"line":178,"column":32}},"95":{"start":{"line":180,"column":4},"end":{"line":183,"column":7}},"96":{"start":{"line":185,"column":2},"end":{"line":185,"column":41}},"97":{"start":{"line":187,"column":2},"end":{"line":187,"column":23}},"98":{"start":{"line":190,"column":0},"end":{"line":194,"column":1}},"99":{"start":{"line":191,"column":2},"end":{"line":193,"column":22}},"100":{"start":{"line":196,"column":0},"end":{"line":207,"column":1}},"101":{"start":{"line":197,"column":2},"end":{"line":205,"column":3}},"102":{"start":{"line":198,"column":4},"end":{"line":202,"column":5}},"103":{"start":{"line":199,"column":6},"end":{"line":201,"column":7}},"104":{"start":{"line":200,"column":8},"end":{"line":200,"column":21}},"105":{"start":{"line":204,"column":4},"end":{"line":204,"column":17}},"106":{"start":{"line":206,"column":2},"end":{"line":206,"column":14}}},"branchMap":{"1":{"line":18,"type":"if","locations":[{"start":{"line":18,"column":8},"end":{"line":18,"column":8}},{"start":{"line":18,"column":8},"end":{"line":18,"column":8}}]},"2":{"line":24,"type":"if","locations":[{"start":{"line":24,"column":8},"end":{"line":24,"column":8}},{"start":{"line":24,"column":8},"end":{"line":24,"column":8}}]},"3":{"line":30,"type":"if","locations":[{"start":{"line":30,"column":8},"end":{"line":30,"column":8}},{"start":{"line":30,"column":8},"end":{"line":30,"column":8}}]},"4":{"line":58,"type":"if","locations":[{"start":{"line":58,"column":6},"end":{"line":58,"column":6}},{"start":{"line":58,"column":6},"end":{"line":58,"column":6}}]},"5":{"line":82,"type":"if","locations":[{"start":{"line":82,"column":4},"end":{"line":82,"column":4}},{"start":{"line":82,"column":4},"end":{"line":82,"column":4}}]},"6":{"line":102,"type":"if","locations":[{"start":{"line":102,"column":4},"end":{"line":102,"column":4}},{"start":{"line":102,"column":4},"end":{"line":102,"column":4}}]},"7":{"line":117,"type":"if","locations":[{"start":{"line":117,"column":4},"end":{"line":117,"column":4}},{"start":{"line":117,"column":4},"end":{"line":117,"column":4}}]},"8":{"line":119,"type":"cond-expr","locations":[{"start":{"line":120,"column":10},"end":{"line":120,"column":29}},{"start":{"line":121,"column":10},"end":{"line":121,"column":12}}]},"9":{"line":137,"type":"switch","locations":[{"start":{"line":138,"column":4},"end":{"line":142,"column":12}},{"start":{"line":143,"column":4},"end":{"line":153,"column":12}},{"start":{"line":154,"column":4},"end":{"line":164,"column":12}},{"start":{"line":165,"column":4},"end":{"line":165,"column":12}}]},"10":{"line":145,"type":"if","locations":[{"start":{"line":145,"column":6},"end":{"line":145,"column":6}},{"start":{"line":145,"column":6},"end":{"line":145,"column":6}}]},"11":{"line":147,"type":"cond-expr","locations":[{"start":{"line":148,"column":12},"end":{"line":148,"column":15}},{"start":{"line":149,"column":12},"end":{"line":149,"column":35}}]},"12":{"line":156,"type":"if","locations":[{"start":{"line":156,"column":6},"end":{"line":156,"column":6}},{"start":{"line":156,"column":6},"end":{"line":156,"column":6}}]},"13":{"line":158,"type":"cond-expr","locations":[{"start":{"line":159,"column":12},"end":{"line":159,"column":14}},{"start":{"line":160,"column":12},"end":{"line":160,"column":54}}]},"14":{"line":197,"type":"if","locations":[{"start":{"line":197,"column":2},"end":{"line":197,"column":2}},{"start":{"line":197,"column":2},"end":{"line":197,"column":2}}]},"15":{"line":199,"type":"if","locations":[{"start":{"line":199,"column":6},"end":{"line":199,"column":6}},{"start":{"line":199,"column":6},"end":{"line":199,"column":6}}]}},"code":["var gencode = require('gencode');","var data = require('./data.json');","","exports.generate = function (pathsql, cb) {","  gencode","    .utils","    .toArray(pathsql, 'utf8', '\\n')","    .then((value) => { //Too: \\n, \\t, -, etc.","      var allData = \"\";","      var tables = [],","        dataValid = [];","      value.map((item) => {","        item = item","          .toString()","          .trim()","          .toLowerCase();","","        if (!isComment(item)) {","          allData += item;","        }","      });","      var splits = allData.split(\";\");","      for (var i = 0; i < splits.length; i++) {","        if (isValid(splits[i])) {","          dataValid.push(splits[i]);","        }","      }","","      for (var i = 0; i < dataValid.length; i++) {","        if (dataValid[i].toString().toLowerCase().trim().startsWith('create table')) {","          tables.push(verifyContains(dataValid[i].toString()));","        }","      }","      getTablesJSON(tables, function (err, result) {","        //console.log(\":>\", JSON.stringify(result, null, 2));","        cb(err, result);","      });","","    }, (error) => {","      cb(error, null);","      //console.log(\"ERROR=>\", error);","    });","};","","//exports.generate(\"../test/script.sql\");","","function verifyContains(item) {","  var result = \"\";","  var state = true;","  var start,","    end = 0;","  var add;","  for (var i = 0; i < data.contains.length; i++) {","    result = \"\";","    state = true;","    while (state) {","      start = item.indexOf(data.contains[i]);","      if (start != -1) {","        end = item","          .substring(start, item.length)","          .indexOf(\")\") + start;","        result += item.substring(0, start);","        add = item.substring(start, end);","        while (add.indexOf(\",\") != -1) {","          add = add.replace(\",\", \"-\");","        }","        result += add;","        item = item.substring(end, item.length);","      } else {","        state = false;","      }","    }","    result += item;","    item = result;","  }","  return result;","}","","function cleanItem(item) {","  var line = item;","  for (var i = 0; i < data.start.length; i++) {","    if (item.startsWith(data.start[i])) {","      line = item.substring(data.start[i].length + 1, item.length);","      break;","    }","  }","  return line;","}","","function getTableName(item) {","  var firstLine = item.indexOf('(');","  var name = item","    .substring(0, firstLine)","    .trim()","    .replace('`', '')","    .replace('`', '');","  return name;","}","","function isAtribute(line) {","  for (var j = 0; j < data.attr.length; j++) {","    if (line.toString().trim().startsWith(data.attr[j])) {","      return false;","    }","  }","  return true;","}","","function getAtributes(item) {","  var attrLines = item.indexOf('(');","  item = item.substring(attrLines + 1, item.length);","  var atributes = [];","  var lines = item.split(',');","  var split;","  for (var i = 0; i < lines.length; i++) {","    lines[i] = lines[i].replace(\"not null\", \"not_null\");","    if (isAtribute(lines[i])) {","","      split = lines[i] != \"\"","        ? lines[i].split(\" \")","        : \"\";","      atributes.push({","        Name: getValue(0, split),","        Type: getValue(1, split),","        Size: getValue(2, split),","        NotNull: split.length > 2,","        AI: split.length > 3","      });","    }","  }","  return atributes;","}","","function getValue(pos, values) {","  var result = \"\";","","  switch (pos) {","    case 0:","      result = values[pos]","        .replace('`', '')","        .replace('`', '');","      break;","    case 1:","      var val = values[pos];","      if (!val.startsWith(\"enum\")) {","        var start = val.indexOf(\"(\");","        result = start == -1","          ? val","          : val.substring(0, start);","      } else {","        result = val;","      }","      break;","    case 2:","      var val = values[1];","      if (!val.startsWith(\"enum\")) {","        var start = val.indexOf(\"(\");","        result = start == -1","          ? \"\"","          : val.substring(start + 1, val.indexOf(\")\"));","      } else {","        result = \"\";","      }","      break;","    default:","  }","  return result;","}","","function getTablesJSON(tables, cb) {","  var tablesJSON = [];","  var item,","    line;","  for (var i = 0; i < tables.length; i++) {","    item = tables[i]","      .toString()","      .toLowerCase();","    tables[i] = cleanItem(item);","","    tablesJSON.push({","      table_name: getTableName(tables[i]),","      atr: getAtributes(tables[i])","    });","  }","  console.log(\"d: \" + tablesJSON.length);","  //console.log(JSON.stringify(tablesJSON, null, 4));","  cb(null, tablesJSON);","}","","function isComment(line) {","  return line","    .trim()","    .startsWith('--');","}","","function isValid(line) {","  if (line !== \"\") {","    for (var i = 0; i < data.ignore.length; i++) {","      if (line.startsWith(data.ignore[i])) {","        return false;","      }","    }","  } else {","    return false;","  }","  return true;","}"],"l":{"1":1,"2":1,"4":1,"5":0,"9":0,"10":0,"12":0,"13":0,"18":0,"19":0,"22":0,"23":0,"24":0,"25":0,"29":0,"30":0,"31":0,"34":0,"36":0,"40":0,"47":1,"48":0,"49":0,"50":0,"52":0,"53":0,"54":0,"55":0,"56":0,"57":0,"58":0,"59":0,"62":0,"63":0,"64":0,"65":0,"67":0,"68":0,"70":0,"73":0,"74":0,"76":0,"79":1,"80":0,"81":0,"82":0,"83":0,"84":0,"87":0,"90":1,"91":0,"92":0,"97":0,"100":1,"101":0,"102":0,"103":0,"106":0,"109":1,"110":0,"111":0,"112":0,"113":0,"114":0,"115":0,"116":0,"117":0,"119":0,"122":0,"131":0,"134":1,"135":0,"137":0,"139":0,"142":0,"144":0,"145":0,"146":0,"147":0,"151":0,"153":0,"155":0,"156":0,"157":0,"158":0,"162":0,"164":0,"167":0,"170":1,"171":0,"172":0,"174":0,"175":0,"178":0,"180":0,"185":0,"187":0,"190":1,"191":0,"196":1,"197":0,"198":0,"199":0,"200":0,"204":0,"206":0}},"/home/travis/build/npmtest/node-npmtest-sails-inverse-model/node_modules/sails-inverse-model/configs/message.js":{"path":"/home/travis/build/npmtest/node-npmtest-sails-inverse-model/node_modules/sails-inverse-model/configs/message.js","s":{"1":1,"2":1},"b":{},"f":{},"fnMap":{},"statementMap":{"1":{"start":{"line":1,"column":0},"end":{"line":1,"column":19}},"2":{"start":{"line":3,"column":0},"end":{"line":85,"column":2}}},"branchMap":{},"code":["require('./color');","","exports.show = [","  color(\"                .-..-.\t\t\t\t\t\t\t\t\t\t\t\t\t\t\t\t\t\t      \", \"blue\"),","  \"\t\t\t\t\t\t\t\t\t\t\t\t\t\t\t\t\t\t\t\t\t\t\t\t\t\t\t\t\t\t\t\t\t\t\t\t\t\t\t\",","  color(\"Sails\", \"yellow\") + color(\"-inverse\", \"blue\") + color(\"-model\", \"red\") + color(\"<|    .-..-.\t\" + require('../package.json').version, \"green\"),","  color(\"                    |\\\t\t\t\t\t\t\t\t\t\t\", \"green\"),","  color(\"    ~    ~   ~     /|.\\ \t\t\t\t\t\t\t\t\t\", \"green\"),","  color(\"       ~  ~       / || \\\t\t\t\t\t\t\t\t\t\", \"green\"),","  color(\"         ~  ~   ,'  |'  \\\t\t\t\t\t\t\t\t\t\", \"green\"),","  color(\"             .-'.-==|/_--'\t\t\t\t\t\t\t\t\", \"green\"),","  color(\"             `--'-------' \t\t\t\t\t\t\t\t\", \"green\"),","  color(\"   _--__--_---__---___--__---__--___      \", \"blue\"),","  color(\" __---__--__---___--__---___--_-_---___    \", \"blue\"),","  \" ----------------------------------------------------------\",","  \" :: \" + (new Date()).toString(),","  \" ----------------------------------------------------------\",","  'Example:',","  '  $ mkdir sails-output',","  '  $ cd sails-output',","  '  $ sails-inverse-model -u postgres -p root -d almacen -t pg -m -v -c',","  '',","  'User         : postgres',","  'Password     : root',","  'Database     : almacen',","  'Host         : localhost',","  'Models       : /home/julian/Documents/sails-output/models',","  'Views        : /home/julian/Documents/sails-output/views',","  'Controllers  : /home/julian/Documents/sails-output/controllers',","  'DB           : pg',","  'Schema (pg)  : public',","  '=====================================',","  'Views [OK]',","  '=====================================',","  'Models [OK]',","  '=====================================',","  'Controllers [OK]',","  '',","  '    Note: Copy models      => your/project_sails/api',","  '          Copy controllers => your/project_sails/api',","  '          Copy views/*     => your/project_sails/views/',","  ' Then: ',","  ' $ cd your/project_sails/',","  ' $ sails lift',","  '',","  ' More info: https://github.com/juliandavidmr/sails-inverse-model',","  \" ---------------------------------------------------------------\",","  'Options:',","  ' -u, --user        User of database',","  ' -p, --pass        Password of database',","  ' -d, --database    Database name',","  ' -h, --host        Host server               Default: localhost',","  ' -m, --models      Folder output models      Default: Folder actual',","  ' -c, --controllers Folder output controllers Default: Folder actual',","  ' -v, --views       Folder output views       Default: Folder actual ' + color('(Experimental)', 'yellow'),","  ' -t, --type        Type gestor database: mysql|postgres|mongodb  Default: mysql',","  ' -s, --schema      (Only PostgreSQL) Schema database postgres: Default: public',","  ' -f, --file        (Only MySQL) .sql file path entry' + color(' (Experimental)', 'yellow'),","  '\\n',","  '====================== Individual generation ==================',","  'You can quickly generate a model, a controller, a view or these three at the sam' +","      'e time.',","  '# Generate model',","  '$ sails-inverse-model -g model --name Pet -a \"name:string:r:u owner:string\"',","  '',","  '# Generate Controller',","  '$ sails-inverse-model -g controller --name Pet -a \"name:string:r:u owner:string\"',","  '',","  '# Generate View',","  '$ sails-inverse-model -g view --name Pet -a \"name:string:r owner:string\"',","  '',","  '# Generate all (Model, View and Controller)',","  '$ sails-inverse-model -g all --name Pet -a \"name:string:r:k owner:string\"',","  '',","  'Where:',","  '--------------------------------------------',","  '|Param | Description   |     Example       |',","  '|------|--------------|-------------------|',","  '|   r  | Required      | catname:string:r  |',","  '|   u  | Unique        | catname:string:u  |',","  '|   a  | Autoincrement | index:integer:a   |',","  '|   k  | Primary Key   | index:integer:k   |',","  '--------------------------------------------',","  'You can also set all three parameters at the same time, for example: index:integer:a:u:r'","];"],"l":{"1":1,"3":1}},"/home/travis/build/npmtest/node-npmtest-sails-inverse-model/node_modules/sails-inverse-model/configs/constants.js":{"path":"/home/travis/build/npmtest/node-npmtest-sails-inverse-model/node_modules/sails-inverse-model/configs/constants.js","s":{"1":1,"2":1,"3":1,"4":1},"b":{},"f":{},"fnMap":{},"statementMap":{"1":{"start":{"line":1,"column":0},"end":{"line":1,"column":37}},"2":{"start":{"line":2,"column":0},"end":{"line":2,"column":33}},"3":{"start":{"line":3,"column":0},"end":{"line":3,"column":41}},"4":{"start":{"line":4,"column":0},"end":{"line":4,"column":41}}},"branchMap":{},"code":["exports.REQUIRED = 'required: true,';","exports.UNIQUE = 'unique: true,';","exports.AUTOINC = 'autoincrement: true,';","exports.PRIMARYKEY = 'primaryKey: true,';"],"l":{"1":1,"2":1,"3":1,"4":1}}}